2021-02-21 23:24:06+0100: GTP Engine starting...
2021-02-21 23:24:06+0100: KataGo v1.8.0
2021-02-21 23:24:06+0100: Using TrompTaylor rules initially, unless GTP/GUI overrides this
2021-02-21 23:24:06+0100: Using 6 CPU thread(s) for search
2021-02-21 23:24:06+0100: nnRandSeed0 = 5991304425955142584
2021-02-21 23:24:06+0100: After dedups: nnModelFile0 = Katago40B.gz useFP16 auto useNHWC auto
2021-02-21 23:24:07+0100: Found OpenCL Platform 0: NVIDIA CUDA (NVIDIA Corporation) (OpenCL 1.2 CUDA 11.2.109)
2021-02-21 23:24:07+0100: Found 1 device(s) on platform 0 with type CPU or GPU or Accelerator
2021-02-21 23:24:07+0100: Found OpenCL Device 0: GeForce RTX 3060 Ti (NVIDIA Corporation) (score 11000102)
2021-02-21 23:24:07+0100: Creating context for OpenCL Platform: NVIDIA CUDA (NVIDIA Corporation) (OpenCL 1.2 CUDA 11.2.109)
2021-02-21 23:24:07+0100: Using OpenCL Device 0: GeForce RTX 3060 Ti (NVIDIA Corporation) OpenCL 1.2 CUDA (Extensions: cl_khr_global_int32_base_atomics cl_khr_global_int32_extended_atomics cl_khr_local_int32_base_atomics cl_khr_local_int32_extended_atomics cl_khr_fp64 cl_khr_byte_addressable_store cl_khr_icd cl_khr_gl_sharing cl_nv_compiler_options cl_nv_device_attribute_query cl_nv_pragma_unroll cl_nv_d3d10_sharing cl_khr_d3d10_sharing cl_nv_d3d11_sharing cl_nv_copy_opts cl_nv_create_buffer cl_khr_int64_base_atomics cl_khr_int64_extended_atomics cl_khr_device_uuid)
2021-02-21 23:24:07+0100: Loaded tuning parameters from: C:\Users\cedri\git\lizzie\katago/KataGoData/opencltuning/tune8_gpuGeForceRTX3060Ti_x19_y19_c256_mv10.txt
2021-02-21 23:24:07+0100: OpenCL backend thread 0: Model version 10
2021-02-21 23:24:07+0100: OpenCL backend thread 0: Model name: kata1-b40c256-s6340147456-d1536898732
2021-02-21 23:24:11+0100: OpenCL backend thread 0: FP16Storage true FP16Compute false FP16TensorCores true
2021-02-21 23:24:11+0100: Loaded neural net with nnXLen 19 nnYLen 19
2021-02-21 23:24:11+0100: Loaded config katago\default_gtp.cfg
2021-02-21 23:24:11+0100: Loaded model Katago40B.gz
2021-02-21 23:24:11+0100: Model name: kata1-b40c256-s6340147456-d1536898732
2021-02-21 23:24:11+0100: GTP ready, beginning main protocol loop
2021-02-21 23:24:11+0100: Controller: 1 name
2021-02-21 23:24:11+0100: =1 KataGo
2021-02-21 23:24:11+0100: Controller: 2 version
2021-02-21 23:24:11+0100: =2 1.8.0
2021-02-21 23:24:11+0100: Controller: 3 boardsize 19
2021-02-21 23:24:11+0100: =3 
2021-02-21 23:24:11+0100: Controller: 4 komi 7.5
2021-02-21 23:24:11+0100: =4 
2021-02-21 23:24:11+0100: Controller: 5 kata-analyze 10
2021-02-21 23:24:11+0100: =5 
2021-02-21 23:24:14+0100: Controller: 6 play B J13
2021-02-21 23:24:14+0100: =6 
2021-02-21 23:24:14+0100: Controller: 7 kata-analyze 10
2021-02-21 23:24:14+0100: =7 
2021-02-21 23:24:17+0100: Controller: 8 name
2021-02-21 23:24:17+0100: =8 KataGo
2021-02-21 23:24:19+0100: Controller: 9 clear_board
2021-02-21 23:24:19+0100: =9 
2021-02-21 23:24:29+0100: Controller: 10 kata-analyze 10
2021-02-21 23:24:29+0100: =10 
2021-02-21 23:24:31+0100: Controller: 11 name
2021-02-21 23:24:31+0100: =11 KataGo
2021-02-21 23:24:32+0100: Controller: 12 kata-analyze 10
2021-02-21 23:24:32+0100: =12 
2021-02-21 23:24:33+0100: Controller: 13 name
2021-02-21 23:24:33+0100: =13 KataGo
2021-02-21 23:24:34+0100: Controller: 14 kata-analyze 10
2021-02-21 23:24:34+0100: =14 
2021-02-21 23:24:35+0100: Controller: 15 play W M10
2021-02-21 23:24:35+0100: =15 
2021-02-21 23:24:35+0100: Controller: 16 kata-analyze 10
2021-02-21 23:24:35+0100: =16 
2021-02-21 23:24:38+0100: Controller: 17 undo
2021-02-21 23:24:38+0100: =17 
2021-02-21 23:24:38+0100: Controller: 18 kata-analyze 10
2021-02-21 23:24:38+0100: =18 
2021-02-21 23:24:38+0100: Controller: 19 undo
2021-02-21 23:24:38+0100: ?19 cannot undo
2021-02-21 23:24:38+0100: Controller: 20 kata-analyze 10
2021-02-21 23:24:38+0100: =20 
2021-02-21 23:24:39+0100: Controller: 21 name
2021-02-21 23:24:39+0100: =21 KataGo
2021-02-21 23:24:40+0100: Controller: 22 kata-analyze 10
2021-02-21 23:24:40+0100: =22 
2021-02-21 23:24:41+0100: Controller: 23 play B O12
2021-02-21 23:24:41+0100: =23 
2021-02-21 23:24:41+0100: Controller: 24 kata-analyze 10
2021-02-21 23:24:41+0100: =24 
