2021-02-20 11:04:16+0100: GTP Engine starting...
2021-02-20 11:04:16+0100: KataGo v1.8.0
2021-02-20 11:04:16+0100: Using TrompTaylor rules initially, unless GTP/GUI overrides this
2021-02-20 11:04:16+0100: Using 6 CPU thread(s) for search
2021-02-20 11:04:16+0100: nnRandSeed0 = 5639072157075975809
2021-02-20 11:04:16+0100: After dedups: nnModelFile0 = Katago40B.gz useFP16 auto useNHWC auto
2021-02-20 11:04:18+0100: Found OpenCL Platform 0: NVIDIA CUDA (NVIDIA Corporation) (OpenCL 1.2 CUDA 11.2.109)
2021-02-20 11:04:18+0100: Found 1 device(s) on platform 0 with type CPU or GPU or Accelerator
2021-02-20 11:04:18+0100: Found OpenCL Device 0: GeForce RTX 3060 Ti (NVIDIA Corporation) (score 11000102)
2021-02-20 11:04:18+0100: Creating context for OpenCL Platform: NVIDIA CUDA (NVIDIA Corporation) (OpenCL 1.2 CUDA 11.2.109)
2021-02-20 11:04:18+0100: Using OpenCL Device 0: GeForce RTX 3060 Ti (NVIDIA Corporation) OpenCL 1.2 CUDA (Extensions: cl_khr_global_int32_base_atomics cl_khr_global_int32_extended_atomics cl_khr_local_int32_base_atomics cl_khr_local_int32_extended_atomics cl_khr_fp64 cl_khr_byte_addressable_store cl_khr_icd cl_khr_gl_sharing cl_nv_compiler_options cl_nv_device_attribute_query cl_nv_pragma_unroll cl_nv_d3d10_sharing cl_khr_d3d10_sharing cl_nv_d3d11_sharing cl_nv_copy_opts cl_nv_create_buffer cl_khr_int64_base_atomics cl_khr_int64_extended_atomics cl_khr_device_uuid)
2021-02-20 11:04:18+0100: Loaded tuning parameters from: C:\Users\cedri\git\lizzie\katago/KataGoData/opencltuning/tune8_gpuGeForceRTX3060Ti_x19_y19_c256_mv10.txt
2021-02-20 11:04:18+0100: OpenCL backend thread 0: Model version 10
2021-02-20 11:04:18+0100: OpenCL backend thread 0: Model name: kata1-b40c256-s6340147456-d1536898732
2021-02-20 11:04:22+0100: OpenCL backend thread 0: FP16Storage true FP16Compute false FP16TensorCores true
2021-02-20 11:04:22+0100: Loaded neural net with nnXLen 19 nnYLen 19
2021-02-20 11:04:22+0100: Loaded config katago\default_gtp.cfg
2021-02-20 11:04:22+0100: Loaded model Katago40B.gz
2021-02-20 11:04:22+0100: Model name: kata1-b40c256-s6340147456-d1536898732
2021-02-20 11:04:22+0100: GTP ready, beginning main protocol loop
2021-02-20 11:04:22+0100: Controller: 1 name
2021-02-20 11:04:22+0100: =1 KataGo
2021-02-20 11:04:22+0100: Controller: 2 version
2021-02-20 11:04:22+0100: =2 1.8.0
2021-02-20 11:04:22+0100: Controller: 3 boardsize 19
2021-02-20 11:04:22+0100: =3 
2021-02-20 11:04:22+0100: Controller: 4 komi 7.5
2021-02-20 11:04:22+0100: =4 
2021-02-20 11:04:22+0100: Controller: 5 kata-analyze 10
2021-02-20 11:04:22+0100: =5 
2021-02-20 11:04:24+0100: Controller: 6 play B K9
2021-02-20 11:04:24+0100: =6 
2021-02-20 11:04:24+0100: Controller: 7 kata-analyze 10
2021-02-20 11:04:24+0100: =7 
2021-02-20 11:04:24+0100: Controller: 8 play W H8
2021-02-20 11:04:24+0100: =8 
2021-02-20 11:04:24+0100: Controller: 9 kata-analyze 10
2021-02-20 11:04:24+0100: =9 
2021-02-20 11:04:24+0100: Controller: 10 play B L8
2021-02-20 11:04:24+0100: =10 
2021-02-20 11:04:24+0100: Controller: 11 kata-analyze 10
2021-02-20 11:04:24+0100: =11 
2021-02-20 11:04:25+0100: Controller: 12 clear_board
2021-02-20 11:04:25+0100: =12 
2021-02-20 11:04:25+0100: Controller: 13 kata-analyze 10
2021-02-20 11:04:25+0100: =13 
2021-02-20 11:04:29+0100: Controller: 14 play B A1
2021-02-20 11:04:29+0100: =14 
2021-02-20 11:04:29+0100: Controller: 15 play W pass
2021-02-20 11:04:29+0100: =15 
2021-02-20 11:04:29+0100: Controller: 16 play B J1
2021-02-20 11:04:29+0100: =16 
2021-02-20 11:04:29+0100: Controller: 17 play W pass
2021-02-20 11:04:29+0100: =17 
2021-02-20 11:04:29+0100: Controller: 18 play B K1
2021-02-20 11:04:29+0100: =18 
2021-02-20 11:04:29+0100: Controller: 19 play W pass
2021-02-20 11:04:29+0100: =19 
2021-02-20 11:04:29+0100: Controller: 20 play B L1
2021-02-20 11:04:29+0100: =20 
2021-02-20 11:04:29+0100: Controller: 21 play W pass
2021-02-20 11:04:29+0100: =21 
2021-02-20 11:04:29+0100: Controller: 22 play B M1
2021-02-20 11:04:29+0100: =22 
2021-02-20 11:04:29+0100: Controller: 23 play W pass
2021-02-20 11:04:29+0100: =23 
2021-02-20 11:04:29+0100: Controller: 24 play B N1
2021-02-20 11:04:29+0100: =24 
2021-02-20 11:04:29+0100: Controller: 25 play W pass
2021-02-20 11:04:29+0100: =25 
2021-02-20 11:04:29+0100: Controller: 26 play B O1
2021-02-20 11:04:29+0100: =26 
2021-02-20 11:04:29+0100: Controller: 27 play W pass
2021-02-20 11:04:29+0100: =27 
2021-02-20 11:04:29+0100: Controller: 28 play B P1
2021-02-20 11:04:29+0100: =28 
2021-02-20 11:04:29+0100: Controller: 29 play W pass
2021-02-20 11:04:29+0100: =29 
2021-02-20 11:04:29+0100: Controller: 30 play B Q1
2021-02-20 11:04:29+0100: =30 
2021-02-20 11:04:29+0100: Controller: 31 play W pass
2021-02-20 11:04:29+0100: =31 
2021-02-20 11:04:29+0100: Controller: 32 play B R1
2021-02-20 11:04:29+0100: =32 
2021-02-20 11:04:29+0100: Controller: 33 play W pass
2021-02-20 11:04:29+0100: =33 
2021-02-20 11:04:29+0100: Controller: 34 play B S1
2021-02-20 11:04:29+0100: =34 
2021-02-20 11:04:29+0100: Controller: 35 play W pass
2021-02-20 11:04:29+0100: =35 
2021-02-20 11:04:29+0100: Controller: 36 play B T1
2021-02-20 11:04:29+0100: =36 
2021-02-20 11:04:29+0100: Controller: 37 play W pass
2021-02-20 11:04:29+0100: =37 
2021-02-20 11:04:29+0100: Controller: 38 play B A2
2021-02-20 11:04:29+0100: =38 
2021-02-20 11:04:29+0100: Controller: 39 play W pass
2021-02-20 11:04:29+0100: =39 
2021-02-20 11:04:29+0100: Controller: 40 play B J2
2021-02-20 11:04:29+0100: =40 
2021-02-20 11:04:29+0100: Controller: 41 play W pass
2021-02-20 11:04:29+0100: =41 
2021-02-20 11:04:29+0100: Controller: 42 play B L2
2021-02-20 11:04:29+0100: =42 
2021-02-20 11:04:29+0100: Controller: 43 play W pass
2021-02-20 11:04:29+0100: =43 
2021-02-20 11:04:29+0100: Controller: 44 play B M2
2021-02-20 11:04:29+0100: =44 
2021-02-20 11:04:29+0100: Controller: 45 play W pass
2021-02-20 11:04:29+0100: =45 
2021-02-20 11:04:29+0100: Controller: 46 play B O2
2021-02-20 11:04:29+0100: =46 
2021-02-20 11:04:29+0100: Controller: 47 play W pass
2021-02-20 11:04:29+0100: =47 
2021-02-20 11:04:29+0100: Controller: 48 play B Q2
2021-02-20 11:04:29+0100: =48 
2021-02-20 11:04:29+0100: Controller: 49 play W pass
2021-02-20 11:04:29+0100: =49 
2021-02-20 11:04:29+0100: Controller: 50 play B R2
2021-02-20 11:04:29+0100: =50 
2021-02-20 11:04:29+0100: Controller: 51 play W pass
2021-02-20 11:04:29+0100: =51 
2021-02-20 11:04:29+0100: Controller: 52 play B S2
2021-02-20 11:04:29+0100: =52 
2021-02-20 11:04:29+0100: Controller: 53 play W pass
2021-02-20 11:04:29+0100: =53 
2021-02-20 11:04:29+0100: Controller: 54 play B T2
2021-02-20 11:04:29+0100: =54 
2021-02-20 11:04:29+0100: Controller: 55 play W pass
2021-02-20 11:04:29+0100: =55 
2021-02-20 11:04:29+0100: Controller: 56 play B A3
2021-02-20 11:04:29+0100: =56 
2021-02-20 11:04:29+0100: Controller: 57 play W pass
2021-02-20 11:04:29+0100: =57 
2021-02-20 11:04:29+0100: Controller: 58 play B J3
2021-02-20 11:04:29+0100: =58 
2021-02-20 11:04:29+0100: Controller: 59 play W pass
2021-02-20 11:04:29+0100: =59 
2021-02-20 11:04:29+0100: Controller: 60 play B K3
2021-02-20 11:04:29+0100: =60 
2021-02-20 11:04:29+0100: Controller: 61 play W pass
2021-02-20 11:04:29+0100: =61 
2021-02-20 11:04:29+0100: Controller: 62 play B L3
2021-02-20 11:04:29+0100: =62 
2021-02-20 11:04:29+0100: Controller: 63 play W pass
2021-02-20 11:04:29+0100: =63 
2021-02-20 11:04:29+0100: Controller: 64 play B M3
2021-02-20 11:04:29+0100: =64 
2021-02-20 11:04:29+0100: Controller: 65 play W pass
2021-02-20 11:04:29+0100: =65 
2021-02-20 11:04:29+0100: Controller: 66 play B N3
2021-02-20 11:04:29+0100: =66 
2021-02-20 11:04:29+0100: Controller: 67 play W pass
2021-02-20 11:04:29+0100: =67 
2021-02-20 11:04:29+0100: Controller: 68 play B O3
2021-02-20 11:04:29+0100: =68 
2021-02-20 11:04:29+0100: Controller: 69 play W pass
2021-02-20 11:04:29+0100: =69 
2021-02-20 11:04:29+0100: Controller: 70 play B P3
2021-02-20 11:04:29+0100: =70 
2021-02-20 11:04:29+0100: Controller: 71 play W pass
2021-02-20 11:04:29+0100: =71 
2021-02-20 11:04:29+0100: Controller: 72 play B Q3
2021-02-20 11:04:29+0100: =72 
2021-02-20 11:04:29+0100: Controller: 73 play W pass
2021-02-20 11:04:29+0100: =73 
2021-02-20 11:04:29+0100: Controller: 74 play B R3
2021-02-20 11:04:29+0100: =74 
2021-02-20 11:04:29+0100: Controller: 75 play W pass
2021-02-20 11:04:29+0100: =75 
2021-02-20 11:04:29+0100: Controller: 76 play B S3
2021-02-20 11:04:29+0100: =76 
2021-02-20 11:04:29+0100: Controller: 77 play W pass
2021-02-20 11:04:29+0100: =77 
2021-02-20 11:04:29+0100: Controller: 78 play B T3
2021-02-20 11:04:29+0100: =78 
2021-02-20 11:04:29+0100: Controller: 79 play W pass
2021-02-20 11:04:29+0100: =79 
2021-02-20 11:04:29+0100: Controller: 80 play B A4
2021-02-20 11:04:29+0100: =80 
2021-02-20 11:04:29+0100: Controller: 81 play W pass
2021-02-20 11:04:29+0100: =81 
2021-02-20 11:04:29+0100: Controller: 82 play B S4
2021-02-20 11:04:29+0100: =82 
2021-02-20 11:04:29+0100: Controller: 83 play W pass
2021-02-20 11:04:29+0100: =83 
2021-02-20 11:04:29+0100: Controller: 84 play B T4
2021-02-20 11:04:29+0100: =84 
2021-02-20 11:04:29+0100: Controller: 85 play W pass
2021-02-20 11:04:29+0100: =85 
2021-02-20 11:04:29+0100: Controller: 86 play B A5
2021-02-20 11:04:29+0100: =86 
2021-02-20 11:04:29+0100: Controller: 87 play W pass
2021-02-20 11:04:29+0100: =87 
2021-02-20 11:04:29+0100: Controller: 88 play B S5
2021-02-20 11:04:29+0100: =88 
2021-02-20 11:04:29+0100: Controller: 89 play W pass
2021-02-20 11:04:29+0100: =89 
2021-02-20 11:04:29+0100: Controller: 90 kata-analyze 10
2021-02-20 11:04:29+0100: =90 
2021-02-20 11:04:29+0100: Controller: 91 play B T5
2021-02-20 11:04:29+0100: =91 
2021-02-20 11:04:29+0100: Controller: 92 play W pass
2021-02-20 11:04:29+0100: =92 
2021-02-20 11:04:29+0100: Controller: 93 play B A6
2021-02-20 11:04:29+0100: =93 
2021-02-20 11:04:29+0100: Controller: 94 play W pass
2021-02-20 11:04:29+0100: =94 
2021-02-20 11:04:29+0100: Controller: 95 play B B6
2021-02-20 11:04:29+0100: =95 
2021-02-20 11:04:29+0100: Controller: 96 play W pass
2021-02-20 11:04:29+0100: =96 
2021-02-20 11:04:29+0100: Controller: 97 play B C6
2021-02-20 11:04:29+0100: =97 
2021-02-20 11:04:29+0100: Controller: 98 play W pass
2021-02-20 11:04:29+0100: =98 
2021-02-20 11:04:29+0100: Controller: 99 play B S6
2021-02-20 11:04:29+0100: =99 
2021-02-20 11:04:29+0100: Controller: 100 play W pass
2021-02-20 11:04:29+0100: =100 
2021-02-20 11:04:29+0100: Controller: 101 play B T6
2021-02-20 11:04:29+0100: =101 
2021-02-20 11:04:29+0100: Controller: 102 play W pass
2021-02-20 11:04:29+0100: =102 
2021-02-20 11:04:29+0100: Controller: 103 play B A7
2021-02-20 11:04:29+0100: =103 
2021-02-20 11:04:29+0100: Controller: 104 play W pass
2021-02-20 11:04:29+0100: =104 
2021-02-20 11:04:29+0100: Controller: 105 play B B7
2021-02-20 11:04:29+0100: =105 
2021-02-20 11:04:29+0100: Controller: 106 play W pass
2021-02-20 11:04:29+0100: =106 
2021-02-20 11:04:29+0100: Controller: 107 play B C7
2021-02-20 11:04:29+0100: =107 
2021-02-20 11:04:29+0100: Controller: 108 play W pass
2021-02-20 11:04:29+0100: =108 
2021-02-20 11:04:29+0100: Controller: 109 play B S7
2021-02-20 11:04:29+0100: =109 
2021-02-20 11:04:29+0100: Controller: 110 play W pass
2021-02-20 11:04:29+0100: =110 
2021-02-20 11:04:29+0100: Controller: 111 play B T7
2021-02-20 11:04:29+0100: =111 
2021-02-20 11:04:29+0100: Controller: 112 play W pass
2021-02-20 11:04:29+0100: =112 
2021-02-20 11:04:29+0100: Controller: 113 play B A8
2021-02-20 11:04:29+0100: =113 
2021-02-20 11:04:29+0100: Controller: 114 play W pass
2021-02-20 11:04:29+0100: =114 
2021-02-20 11:04:29+0100: Controller: 115 play B B8
2021-02-20 11:04:29+0100: =115 
2021-02-20 11:04:29+0100: Controller: 116 play W pass
2021-02-20 11:04:29+0100: =116 
2021-02-20 11:04:29+0100: Controller: 117 play B C8
2021-02-20 11:04:29+0100: =117 
2021-02-20 11:04:29+0100: Controller: 118 play W pass
2021-02-20 11:04:29+0100: =118 
2021-02-20 11:04:29+0100: Controller: 119 play B S8
2021-02-20 11:04:29+0100: =119 
2021-02-20 11:04:29+0100: Controller: 120 play W pass
2021-02-20 11:04:29+0100: =120 
2021-02-20 11:04:29+0100: Controller: 121 play B T8
2021-02-20 11:04:29+0100: =121 
2021-02-20 11:04:29+0100: Controller: 122 play W pass
2021-02-20 11:04:29+0100: =122 
2021-02-20 11:04:29+0100: Controller: 123 play B A9
2021-02-20 11:04:29+0100: =123 
2021-02-20 11:04:29+0100: Controller: 124 play W pass
2021-02-20 11:04:29+0100: =124 
2021-02-20 11:04:29+0100: Controller: 125 play B B9
2021-02-20 11:04:29+0100: =125 
2021-02-20 11:04:29+0100: Controller: 126 play W pass
2021-02-20 11:04:29+0100: =126 
2021-02-20 11:04:29+0100: Controller: 127 play B C9
2021-02-20 11:04:29+0100: =127 
2021-02-20 11:04:29+0100: Controller: 128 play W pass
2021-02-20 11:04:29+0100: =128 
2021-02-20 11:04:29+0100: Controller: 129 play B S9
2021-02-20 11:04:29+0100: =129 
2021-02-20 11:04:29+0100: Controller: 130 play W pass
2021-02-20 11:04:29+0100: =130 
2021-02-20 11:04:29+0100: Controller: 131 play B T9
2021-02-20 11:04:29+0100: =131 
2021-02-20 11:04:29+0100: Controller: 132 play W pass
2021-02-20 11:04:29+0100: =132 
2021-02-20 11:04:29+0100: Controller: 133 play B A10
2021-02-20 11:04:29+0100: =133 
2021-02-20 11:04:29+0100: Controller: 134 play W pass
2021-02-20 11:04:29+0100: =134 
2021-02-20 11:04:29+0100: Controller: 135 play B B10
2021-02-20 11:04:29+0100: =135 
2021-02-20 11:04:29+0100: Controller: 136 play W pass
2021-02-20 11:04:29+0100: =136 
2021-02-20 11:04:29+0100: Controller: 137 play B C10
2021-02-20 11:04:29+0100: =137 
2021-02-20 11:04:29+0100: Controller: 138 play W pass
2021-02-20 11:04:29+0100: =138 
2021-02-20 11:04:29+0100: Controller: 139 play B S10
2021-02-20 11:04:29+0100: =139 
2021-02-20 11:04:29+0100: Controller: 140 play W pass
2021-02-20 11:04:29+0100: =140 
2021-02-20 11:04:29+0100: Controller: 141 play B T10
2021-02-20 11:04:29+0100: =141 
2021-02-20 11:04:29+0100: Controller: 142 play W pass
2021-02-20 11:04:29+0100: =142 
2021-02-20 11:04:29+0100: Controller: 143 play B A11
2021-02-20 11:04:29+0100: =143 
2021-02-20 11:04:29+0100: Controller: 144 play W pass
2021-02-20 11:04:29+0100: =144 
2021-02-20 11:04:29+0100: Controller: 145 play B B11
2021-02-20 11:04:29+0100: =145 
2021-02-20 11:04:29+0100: Controller: 146 play W pass
2021-02-20 11:04:29+0100: =146 
2021-02-20 11:04:29+0100: Controller: 147 play B C11
2021-02-20 11:04:29+0100: =147 
2021-02-20 11:04:29+0100: Controller: 148 play W pass
2021-02-20 11:04:29+0100: =148 
2021-02-20 11:04:29+0100: Controller: 149 play B S11
2021-02-20 11:04:29+0100: =149 
2021-02-20 11:04:29+0100: Controller: 150 play W pass
2021-02-20 11:04:29+0100: =150 
2021-02-20 11:04:29+0100: Controller: 151 kata-analyze 10
2021-02-20 11:04:29+0100: =151 
2021-02-20 11:04:29+0100: Controller: 152 play B T11
2021-02-20 11:04:29+0100: =152 
2021-02-20 11:04:29+0100: Controller: 153 play W pass
2021-02-20 11:04:29+0100: =153 
2021-02-20 11:04:29+0100: Controller: 154 play B A12
2021-02-20 11:04:29+0100: =154 
2021-02-20 11:04:29+0100: Controller: 155 play W pass
2021-02-20 11:04:29+0100: =155 
2021-02-20 11:04:29+0100: Controller: 156 play B B12
2021-02-20 11:04:29+0100: =156 
2021-02-20 11:04:29+0100: Controller: 157 play W pass
2021-02-20 11:04:29+0100: =157 
2021-02-20 11:04:29+0100: Controller: 158 play B C12
2021-02-20 11:04:29+0100: =158 
2021-02-20 11:04:29+0100: Controller: 159 play W pass
2021-02-20 11:04:29+0100: =159 
2021-02-20 11:04:29+0100: Controller: 160 play B S12
2021-02-20 11:04:29+0100: =160 
2021-02-20 11:04:29+0100: Controller: 161 play W pass
2021-02-20 11:04:29+0100: =161 
2021-02-20 11:04:29+0100: Controller: 162 play B T12
2021-02-20 11:04:29+0100: =162 
2021-02-20 11:04:29+0100: Controller: 163 play W pass
2021-02-20 11:04:29+0100: =163 
2021-02-20 11:04:29+0100: Controller: 164 play B A13
2021-02-20 11:04:29+0100: =164 
2021-02-20 11:04:29+0100: Controller: 165 play W pass
2021-02-20 11:04:29+0100: =165 
2021-02-20 11:04:29+0100: Controller: 166 play B B13
2021-02-20 11:04:29+0100: =166 
2021-02-20 11:04:29+0100: Controller: 167 play W pass
2021-02-20 11:04:29+0100: =167 
2021-02-20 11:04:29+0100: Controller: 168 play B C13
2021-02-20 11:04:29+0100: =168 
2021-02-20 11:04:29+0100: Controller: 169 play W pass
2021-02-20 11:04:29+0100: =169 
2021-02-20 11:04:29+0100: Controller: 170 play B S13
2021-02-20 11:04:29+0100: =170 
2021-02-20 11:04:29+0100: Controller: 171 play W pass
2021-02-20 11:04:29+0100: =171 
2021-02-20 11:04:29+0100: Controller: 172 play B T13
2021-02-20 11:04:29+0100: =172 
2021-02-20 11:04:29+0100: Controller: 173 play W B1
2021-02-20 11:04:29+0100: =173 
2021-02-20 11:04:29+0100: Controller: 174 play B A14
2021-02-20 11:04:29+0100: =174 
2021-02-20 11:04:29+0100: Controller: 175 play W C1
2021-02-20 11:04:29+0100: =175 
2021-02-20 11:04:29+0100: Controller: 176 play B B14
2021-02-20 11:04:29+0100: =176 
2021-02-20 11:04:29+0100: Controller: 177 play W D1
2021-02-20 11:04:29+0100: =177 
2021-02-20 11:04:29+0100: Controller: 178 play B C14
2021-02-20 11:04:29+0100: =178 
2021-02-20 11:04:29+0100: Controller: 179 play W E1
2021-02-20 11:04:29+0100: =179 
2021-02-20 11:04:29+0100: Controller: 180 play B S14
2021-02-20 11:04:29+0100: =180 
2021-02-20 11:04:29+0100: Controller: 181 play W F1
2021-02-20 11:04:29+0100: =181 
2021-02-20 11:04:29+0100: Controller: 182 play B T14
2021-02-20 11:04:29+0100: =182 
2021-02-20 11:04:29+0100: Controller: 183 play W G1
2021-02-20 11:04:29+0100: =183 
2021-02-20 11:04:29+0100: Controller: 184 play B A15
2021-02-20 11:04:29+0100: =184 
2021-02-20 11:04:29+0100: Controller: 185 play W H1
2021-02-20 11:04:29+0100: =185 
2021-02-20 11:04:29+0100: Controller: 186 play B B15
2021-02-20 11:04:29+0100: =186 
2021-02-20 11:04:29+0100: Controller: 187 play W B2
2021-02-20 11:04:29+0100: =187 
2021-02-20 11:04:29+0100: Controller: 188 play B C15
2021-02-20 11:04:29+0100: =188 
2021-02-20 11:04:29+0100: Controller: 189 play W D2
2021-02-20 11:04:29+0100: =189 
2021-02-20 11:04:29+0100: Controller: 190 play B S15
2021-02-20 11:04:29+0100: =190 
2021-02-20 11:04:29+0100: Controller: 191 play W E2
2021-02-20 11:04:29+0100: =191 
2021-02-20 11:04:29+0100: Controller: 192 play B T15
2021-02-20 11:04:29+0100: =192 
2021-02-20 11:04:29+0100: Controller: 193 play W F2
2021-02-20 11:04:29+0100: =193 
2021-02-20 11:04:29+0100: Controller: 194 kata-analyze 10
2021-02-20 11:04:29+0100: =194 
2021-02-20 11:04:29+0100: Controller: 195 play B A16
2021-02-20 11:04:29+0100: =195 
2021-02-20 11:04:29+0100: Controller: 196 play W G2
2021-02-20 11:04:29+0100: =196 
2021-02-20 11:04:29+0100: Controller: 197 play B B16
2021-02-20 11:04:29+0100: =197 
2021-02-20 11:04:29+0100: Controller: 198 play W H2
2021-02-20 11:04:29+0100: =198 
2021-02-20 11:04:29+0100: Controller: 199 play B C16
2021-02-20 11:04:29+0100: =199 
2021-02-20 11:04:29+0100: Controller: 200 play W B3
2021-02-20 11:04:29+0100: =200 
2021-02-20 11:04:29+0100: Controller: 201 play B E16
2021-02-20 11:04:29+0100: =201 
2021-02-20 11:04:29+0100: Controller: 202 play W C3
2021-02-20 11:04:29+0100: =202 
2021-02-20 11:04:29+0100: Controller: 203 play B F16
2021-02-20 11:04:29+0100: =203 
2021-02-20 11:04:29+0100: Controller: 204 play W D3
2021-02-20 11:04:29+0100: =204 
2021-02-20 11:04:29+0100: Controller: 205 play B G16
2021-02-20 11:04:29+0100: =205 
2021-02-20 11:04:29+0100: Controller: 206 play W E3
2021-02-20 11:04:29+0100: =206 
2021-02-20 11:04:29+0100: Controller: 207 play B S16
2021-02-20 11:04:29+0100: =207 
2021-02-20 11:04:29+0100: Controller: 208 play W F3
2021-02-20 11:04:29+0100: =208 
2021-02-20 11:04:29+0100: Controller: 209 play B T16
2021-02-20 11:04:29+0100: =209 
2021-02-20 11:04:29+0100: Controller: 210 play W G3
2021-02-20 11:04:29+0100: =210 
2021-02-20 11:04:29+0100: Controller: 211 play B A17
2021-02-20 11:04:29+0100: =211 
2021-02-20 11:04:29+0100: Controller: 212 play W H3
2021-02-20 11:04:29+0100: =212 
2021-02-20 11:04:29+0100: Controller: 213 play B B17
2021-02-20 11:04:29+0100: =213 
2021-02-20 11:04:29+0100: Controller: 214 play W B4
2021-02-20 11:04:29+0100: =214 
2021-02-20 11:04:29+0100: Controller: 215 play B C17
2021-02-20 11:04:29+0100: =215 
2021-02-20 11:04:29+0100: Controller: 216 play W D4
2021-02-20 11:04:29+0100: =216 
2021-02-20 11:04:29+0100: Controller: 217 play B D17
2021-02-20 11:04:29+0100: =217 
2021-02-20 11:04:29+0100: Controller: 218 play W E4
2021-02-20 11:04:29+0100: =218 
2021-02-20 11:04:29+0100: Controller: 219 play B E17
2021-02-20 11:04:29+0100: =219 
2021-02-20 11:04:29+0100: Controller: 220 play W F4
2021-02-20 11:04:29+0100: =220 
2021-02-20 11:04:29+0100: Controller: 221 play B G17
2021-02-20 11:04:29+0100: =221 
2021-02-20 11:04:29+0100: Controller: 222 play W G4
2021-02-20 11:04:29+0100: =222 
2021-02-20 11:04:29+0100: Controller: 223 play B H17
2021-02-20 11:04:29+0100: =223 
2021-02-20 11:04:29+0100: Controller: 224 play W H4
2021-02-20 11:04:29+0100: =224 
2021-02-20 11:04:29+0100: Controller: 225 play B J17
2021-02-20 11:04:29+0100: =225 
2021-02-20 11:04:29+0100: Controller: 226 play W J4
2021-02-20 11:04:29+0100: =226 
2021-02-20 11:04:29+0100: Controller: 227 play B L17
2021-02-20 11:04:29+0100: =227 
2021-02-20 11:04:29+0100: Controller: 228 play W K4
2021-02-20 11:04:29+0100: =228 
2021-02-20 11:04:29+0100: Controller: 229 play B M17
2021-02-20 11:04:29+0100: =229 
2021-02-20 11:04:29+0100: Controller: 230 play W L4
2021-02-20 11:04:29+0100: =230 
2021-02-20 11:04:29+0100: Controller: 231 play B N17
2021-02-20 11:04:29+0100: =231 
2021-02-20 11:04:29+0100: Controller: 232 play W M4
2021-02-20 11:04:29+0100: =232 
2021-02-20 11:04:29+0100: Controller: 233 play B O17
2021-02-20 11:04:29+0100: =233 
2021-02-20 11:04:29+0100: Controller: 234 play W N4
2021-02-20 11:04:29+0100: =234 
2021-02-20 11:04:29+0100: Controller: 235 play B P17
2021-02-20 11:04:29+0100: =235 
2021-02-20 11:04:29+0100: Controller: 236 play W O4
2021-02-20 11:04:29+0100: =236 
2021-02-20 11:04:29+0100: Controller: 237 play B Q17
2021-02-20 11:04:29+0100: =237 
2021-02-20 11:04:29+0100: Controller: 238 play W P4
2021-02-20 11:04:29+0100: =238 
2021-02-20 11:04:29+0100: Controller: 239 play B R17
2021-02-20 11:04:29+0100: =239 
2021-02-20 11:04:29+0100: Controller: 240 play W Q4
2021-02-20 11:04:29+0100: =240 
2021-02-20 11:04:29+0100: Controller: 241 play B S17
2021-02-20 11:04:29+0100: =241 
2021-02-20 11:04:29+0100: Controller: 242 play W R4
2021-02-20 11:04:29+0100: =242 
2021-02-20 11:04:29+0100: Controller: 243 play B T17
2021-02-20 11:04:29+0100: =243 
2021-02-20 11:04:29+0100: Controller: 244 play W B5
2021-02-20 11:04:29+0100: =244 
2021-02-20 11:04:29+0100: Controller: 245 play B B18
2021-02-20 11:04:29+0100: =245 
2021-02-20 11:04:29+0100: Controller: 246 play W C5
2021-02-20 11:04:29+0100: =246 
2021-02-20 11:04:29+0100: Controller: 247 play B C18
2021-02-20 11:04:29+0100: =247 
2021-02-20 11:04:29+0100: Controller: 248 play W D5
2021-02-20 11:04:29+0100: =248 
2021-02-20 11:04:29+0100: Controller: 249 play B D18
2021-02-20 11:04:29+0100: =249 
2021-02-20 11:04:29+0100: Controller: 250 play W R5
2021-02-20 11:04:29+0100: =250 
2021-02-20 11:04:29+0100: Controller: 251 play B E18
2021-02-20 11:04:29+0100: =251 
2021-02-20 11:04:29+0100: Controller: 252 play W D6
2021-02-20 11:04:29+0100: =252 
2021-02-20 11:04:29+0100: Controller: 253 kata-analyze 10
2021-02-20 11:04:29+0100: =253 
2021-02-20 11:04:29+0100: Controller: 254 play B F18
2021-02-20 11:04:29+0100: =254 
2021-02-20 11:04:29+0100: Controller: 255 play W R6
2021-02-20 11:04:29+0100: =255 
2021-02-20 11:04:29+0100: Controller: 256 play B G18
2021-02-20 11:04:29+0100: =256 
2021-02-20 11:04:29+0100: Controller: 257 play W D7
2021-02-20 11:04:29+0100: =257 
2021-02-20 11:04:29+0100: Controller: 258 play B H18
2021-02-20 11:04:29+0100: =258 
2021-02-20 11:04:29+0100: Controller: 259 play W R7
2021-02-20 11:04:29+0100: =259 
2021-02-20 11:04:29+0100: Controller: 260 play B J18
2021-02-20 11:04:29+0100: =260 
2021-02-20 11:04:29+0100: Controller: 261 play W D8
2021-02-20 11:04:29+0100: =261 
2021-02-20 11:04:29+0100: Controller: 262 play B K18
2021-02-20 11:04:29+0100: =262 
2021-02-20 11:04:29+0100: Controller: 263 play W R8
2021-02-20 11:04:29+0100: =263 
2021-02-20 11:04:29+0100: Controller: 264 play B L18
2021-02-20 11:04:29+0100: =264 
2021-02-20 11:04:29+0100: Controller: 265 play W D9
2021-02-20 11:04:29+0100: =265 
2021-02-20 11:04:29+0100: Controller: 266 play B M18
2021-02-20 11:04:29+0100: =266 
2021-02-20 11:04:29+0100: Controller: 267 play W R9
2021-02-20 11:04:29+0100: =267 
2021-02-20 11:04:29+0100: Controller: 268 play B N18
2021-02-20 11:04:29+0100: =268 
2021-02-20 11:04:29+0100: Controller: 269 play W D10
2021-02-20 11:04:29+0100: =269 
2021-02-20 11:04:29+0100: Controller: 270 play B O18
2021-02-20 11:04:29+0100: =270 
2021-02-20 11:04:29+0100: Controller: 271 play W R10
2021-02-20 11:04:29+0100: =271 
2021-02-20 11:04:29+0100: Controller: 272 play B P18
2021-02-20 11:04:29+0100: =272 
2021-02-20 11:04:29+0100: Controller: 273 play W D11
2021-02-20 11:04:29+0100: =273 
2021-02-20 11:04:29+0100: Controller: 274 play B Q18
2021-02-20 11:04:29+0100: =274 
2021-02-20 11:04:29+0100: Controller: 275 play W R11
2021-02-20 11:04:29+0100: =275 
2021-02-20 11:04:29+0100: Controller: 276 play B R18
2021-02-20 11:04:29+0100: =276 
2021-02-20 11:04:29+0100: Controller: 277 play W D12
2021-02-20 11:04:29+0100: =277 
2021-02-20 11:04:29+0100: Controller: 278 play B S18
2021-02-20 11:04:29+0100: =278 
2021-02-20 11:04:29+0100: Controller: 279 play W R12
2021-02-20 11:04:29+0100: =279 
2021-02-20 11:04:29+0100: Controller: 280 play B T18
2021-02-20 11:04:29+0100: =280 
2021-02-20 11:04:29+0100: Controller: 281 play W D13
2021-02-20 11:04:29+0100: =281 
2021-02-20 11:04:29+0100: Controller: 282 play B A19
2021-02-20 11:04:29+0100: =282 
2021-02-20 11:04:29+0100: Controller: 283 play W R13
2021-02-20 11:04:29+0100: =283 
2021-02-20 11:04:29+0100: Controller: 284 play B C19
2021-02-20 11:04:29+0100: =284 
2021-02-20 11:04:29+0100: Controller: 285 play W D14
2021-02-20 11:04:29+0100: =285 
2021-02-20 11:04:29+0100: Controller: 286 play B D19
2021-02-20 11:04:29+0100: =286 
2021-02-20 11:04:29+0100: Controller: 287 play W R14
2021-02-20 11:04:29+0100: =287 
2021-02-20 11:04:29+0100: Controller: 288 play B E19
2021-02-20 11:04:29+0100: =288 
2021-02-20 11:04:29+0100: Controller: 289 play W D15
2021-02-20 11:04:29+0100: =289 
2021-02-20 11:04:29+0100: Controller: 290 play B G19
2021-02-20 11:04:29+0100: =290 
2021-02-20 11:04:29+0100: Controller: 291 play W R15
2021-02-20 11:04:29+0100: =291 
2021-02-20 11:04:29+0100: Controller: 292 play B H19
2021-02-20 11:04:29+0100: =292 
2021-02-20 11:04:29+0100: Controller: 293 play W D16
2021-02-20 11:04:29+0100: =293 
2021-02-20 11:04:29+0100: Controller: 294 play B J19
2021-02-20 11:04:29+0100: =294 
2021-02-20 11:04:29+0100: Controller: 295 play W H16
2021-02-20 11:04:29+0100: =295 
2021-02-20 11:04:29+0100: Controller: 296 play B K19
2021-02-20 11:04:29+0100: =296 
2021-02-20 11:04:29+0100: Controller: 297 play W J16
2021-02-20 11:04:29+0100: =297 
2021-02-20 11:04:29+0100: Controller: 298 play B L19
2021-02-20 11:04:29+0100: =298 
2021-02-20 11:04:29+0100: Controller: 299 play W K16
2021-02-20 11:04:29+0100: =299 
2021-02-20 11:04:29+0100: Controller: 300 play B M19
2021-02-20 11:04:29+0100: =300 
2021-02-20 11:04:29+0100: Controller: 301 play W L16
2021-02-20 11:04:29+0100: =301 
2021-02-20 11:04:29+0100: Controller: 302 play B N19
2021-02-20 11:04:29+0100: =302 
2021-02-20 11:04:29+0100: Controller: 303 play W M16
2021-02-20 11:04:29+0100: =303 
2021-02-20 11:04:29+0100: Controller: 304 play B O19
2021-02-20 11:04:29+0100: =304 
2021-02-20 11:04:29+0100: Controller: 305 play W N16
2021-02-20 11:04:29+0100: =305 
2021-02-20 11:04:29+0100: Controller: 306 play B P19
2021-02-20 11:04:29+0100: =306 
2021-02-20 11:04:29+0100: Controller: 307 play W O16
2021-02-20 11:04:29+0100: =307 
2021-02-20 11:04:29+0100: Controller: 308 play B Q19
2021-02-20 11:04:29+0100: =308 
2021-02-20 11:04:29+0100: Controller: 309 play W P16
2021-02-20 11:04:29+0100: =309 
2021-02-20 11:04:29+0100: Controller: 310 play B R19
2021-02-20 11:04:29+0100: =310 
2021-02-20 11:04:29+0100: Controller: 311 play W Q16
2021-02-20 11:04:29+0100: =311 
2021-02-20 11:04:29+0100: Controller: 312 play B S19
2021-02-20 11:04:29+0100: =312 
2021-02-20 11:04:29+0100: Controller: 313 play W R16
2021-02-20 11:04:29+0100: =313 
2021-02-20 11:04:29+0100: Controller: 314 play B T19
2021-02-20 11:04:29+0100: =314 
2021-02-20 11:04:29+0100: Controller: 315 play W K17
2021-02-20 11:04:29+0100: =315 
2021-02-20 11:04:29+0100: Controller: 316 kata-analyze 10
2021-02-20 11:04:29+0100: =316 
2021-02-20 11:04:37+0100: Controller: 317 clear_board
2021-02-20 11:04:37+0100: =317 
2021-02-20 11:04:37+0100: Controller: 318 kata-analyze 10
2021-02-20 11:04:37+0100: =318 
