2021-02-22 14:48:19+0100: GTP Engine starting...
2021-02-22 14:48:19+0100: KataGo v1.8.0
2021-02-22 14:48:19+0100: Using TrompTaylor rules initially, unless GTP/GUI overrides this
2021-02-22 14:48:19+0100: Using 6 CPU thread(s) for search
2021-02-22 14:48:19+0100: nnRandSeed0 = 8786785025898314985
2021-02-22 14:48:19+0100: After dedups: nnModelFile0 = Katago40B.gz useFP16 auto useNHWC auto
2021-02-22 14:48:20+0100: Found OpenCL Platform 0: NVIDIA CUDA (NVIDIA Corporation) (OpenCL 1.2 CUDA 11.2.109)
2021-02-22 14:48:20+0100: Found 1 device(s) on platform 0 with type CPU or GPU or Accelerator
2021-02-22 14:48:20+0100: Found OpenCL Device 0: GeForce RTX 3060 Ti (NVIDIA Corporation) (score 11000102)
2021-02-22 14:48:20+0100: Creating context for OpenCL Platform: NVIDIA CUDA (NVIDIA Corporation) (OpenCL 1.2 CUDA 11.2.109)
2021-02-22 14:48:20+0100: Using OpenCL Device 0: GeForce RTX 3060 Ti (NVIDIA Corporation) OpenCL 1.2 CUDA (Extensions: cl_khr_global_int32_base_atomics cl_khr_global_int32_extended_atomics cl_khr_local_int32_base_atomics cl_khr_local_int32_extended_atomics cl_khr_fp64 cl_khr_byte_addressable_store cl_khr_icd cl_khr_gl_sharing cl_nv_compiler_options cl_nv_device_attribute_query cl_nv_pragma_unroll cl_nv_d3d10_sharing cl_khr_d3d10_sharing cl_nv_d3d11_sharing cl_nv_copy_opts cl_nv_create_buffer cl_khr_int64_base_atomics cl_khr_int64_extended_atomics cl_khr_device_uuid)
2021-02-22 14:48:20+0100: Loaded tuning parameters from: C:\Users\cedri\git\lizzie\katago/KataGoData/opencltuning/tune8_gpuGeForceRTX3060Ti_x19_y19_c256_mv10.txt
2021-02-22 14:48:20+0100: OpenCL backend thread 0: Model version 10
2021-02-22 14:48:20+0100: OpenCL backend thread 0: Model name: kata1-b40c256-s6340147456-d1536898732
2021-02-22 14:48:25+0100: OpenCL backend thread 0: FP16Storage true FP16Compute false FP16TensorCores true
2021-02-22 14:48:25+0100: Loaded neural net with nnXLen 19 nnYLen 19
2021-02-22 14:48:25+0100: Loaded config katago\default_gtp.cfg
2021-02-22 14:48:25+0100: Loaded model Katago40B.gz
2021-02-22 14:48:25+0100: Model name: kata1-b40c256-s6340147456-d1536898732
2021-02-22 14:48:25+0100: GTP ready, beginning main protocol loop
2021-02-22 14:48:25+0100: Controller: 1 name
2021-02-22 14:48:25+0100: =1 KataGo
2021-02-22 14:48:25+0100: Controller: 2 version
2021-02-22 14:48:25+0100: =2 1.8.0
2021-02-22 14:48:25+0100: Controller: 3 boardsize 19
2021-02-22 14:48:25+0100: =3 
2021-02-22 14:48:25+0100: Controller: 4 komi 7.5
2021-02-22 14:48:25+0100: =4 
2021-02-22 14:48:25+0100: Controller: 5 kata-analyze 10
2021-02-22 14:48:25+0100: =5 
2021-02-22 14:48:28+0100: Controller: 6 name
2021-02-22 14:48:28+0100: =6 KataGo
2021-02-22 14:52:11+0100: Controller: 7 play B F7
2021-02-22 14:52:11+0100: =7 
2021-02-22 14:52:11+0100: Controller: 8 play W F10
2021-02-22 14:52:11+0100: =8 
2021-02-22 14:52:12+0100: Controller: 9 play B J8
2021-02-22 14:52:12+0100: =9 
2021-02-22 14:52:12+0100: Controller: 10 play W J11
2021-02-22 14:52:12+0100: =10 
2021-02-22 14:52:13+0100: Controller: 11 kata-analyze 10
2021-02-22 14:52:13+0100: =11 
2021-02-22 14:52:13+0100: Controller: 12 undo
2021-02-22 14:52:13+0100: =12 
2021-02-22 14:52:13+0100: Controller: 13 undo
2021-02-22 14:52:13+0100: =13 
2021-02-22 14:52:13+0100: Controller: 14 undo
2021-02-22 14:52:13+0100: =14 
2021-02-22 14:52:13+0100: Controller: 15 undo
2021-02-22 14:52:13+0100: =15 
2021-02-22 14:52:13+0100: Controller: 16 kata-analyze 10
2021-02-22 14:52:13+0100: =16 
2021-02-22 14:52:18+0100: Controller: 17 name
2021-02-22 14:52:18+0100: =17 KataGo
