2021-02-22 14:54:28+0100: GTP Engine starting...
2021-02-22 14:54:28+0100: KataGo v1.8.0
2021-02-22 14:54:28+0100: Using TrompTaylor rules initially, unless GTP/GUI overrides this
2021-02-22 14:54:28+0100: Using 6 CPU thread(s) for search
2021-02-22 14:54:28+0100: nnRandSeed0 = 12454472676460152357
2021-02-22 14:54:28+0100: After dedups: nnModelFile0 = Katago40B.gz useFP16 auto useNHWC auto
2021-02-22 14:54:30+0100: Found OpenCL Platform 0: NVIDIA CUDA (NVIDIA Corporation) (OpenCL 1.2 CUDA 11.2.109)
2021-02-22 14:54:30+0100: Found 1 device(s) on platform 0 with type CPU or GPU or Accelerator
2021-02-22 14:54:30+0100: Found OpenCL Device 0: GeForce RTX 3060 Ti (NVIDIA Corporation) (score 11000102)
2021-02-22 14:54:30+0100: Creating context for OpenCL Platform: NVIDIA CUDA (NVIDIA Corporation) (OpenCL 1.2 CUDA 11.2.109)
2021-02-22 14:54:30+0100: Using OpenCL Device 0: GeForce RTX 3060 Ti (NVIDIA Corporation) OpenCL 1.2 CUDA (Extensions: cl_khr_global_int32_base_atomics cl_khr_global_int32_extended_atomics cl_khr_local_int32_base_atomics cl_khr_local_int32_extended_atomics cl_khr_fp64 cl_khr_byte_addressable_store cl_khr_icd cl_khr_gl_sharing cl_nv_compiler_options cl_nv_device_attribute_query cl_nv_pragma_unroll cl_nv_d3d10_sharing cl_khr_d3d10_sharing cl_nv_d3d11_sharing cl_nv_copy_opts cl_nv_create_buffer cl_khr_int64_base_atomics cl_khr_int64_extended_atomics cl_khr_device_uuid)
2021-02-22 14:54:30+0100: Loaded tuning parameters from: C:\Users\cedri\git\lizzie\katago/KataGoData/opencltuning/tune8_gpuGeForceRTX3060Ti_x19_y19_c256_mv10.txt
2021-02-22 14:54:30+0100: OpenCL backend thread 0: Model version 10
2021-02-22 14:54:30+0100: OpenCL backend thread 0: Model name: kata1-b40c256-s6340147456-d1536898732
2021-02-22 14:54:35+0100: OpenCL backend thread 0: FP16Storage true FP16Compute false FP16TensorCores true
2021-02-22 14:54:35+0100: Loaded neural net with nnXLen 19 nnYLen 19
2021-02-22 14:54:35+0100: Loaded config katago\default_gtp.cfg
2021-02-22 14:54:35+0100: Loaded model Katago40B.gz
2021-02-22 14:54:35+0100: Model name: kata1-b40c256-s6340147456-d1536898732
2021-02-22 14:54:35+0100: GTP ready, beginning main protocol loop
2021-02-22 14:54:35+0100: Controller: 1 name
2021-02-22 14:54:35+0100: =1 KataGo
2021-02-22 14:54:35+0100: Controller: 2 version
2021-02-22 14:54:35+0100: =2 1.8.0
2021-02-22 14:54:35+0100: Controller: 3 boardsize 19
2021-02-22 14:54:35+0100: =3 
2021-02-22 14:54:35+0100: Controller: 4 komi 7.5
2021-02-22 14:54:35+0100: =4 
2021-02-22 14:54:35+0100: Controller: 5 lz-analyze 10
2021-02-22 14:54:35+0100: =5 
2021-02-22 14:54:42+0100: Controller: 6 play B pass
2021-02-22 14:54:42+0100: =6 
2021-02-22 14:54:42+0100: Controller: 7 play W A1
2021-02-22 14:54:42+0100: =7 
2021-02-22 14:54:42+0100: Controller: 8 play B pass
2021-02-22 14:54:42+0100: =8 
2021-02-22 14:54:42+0100: Controller: 9 play W B1
2021-02-22 14:54:42+0100: =9 
2021-02-22 14:54:42+0100: Controller: 10 play B pass
2021-02-22 14:54:42+0100: =10 
2021-02-22 14:54:42+0100: Controller: 11 play W C1
2021-02-22 14:54:42+0100: =11 
2021-02-22 14:54:42+0100: Controller: 12 play B pass
2021-02-22 14:54:42+0100: =12 
2021-02-22 14:54:42+0100: Controller: 13 play W D1
2021-02-22 14:54:42+0100: =13 
2021-02-22 14:54:42+0100: Controller: 14 play B pass
2021-02-22 14:54:42+0100: =14 
2021-02-22 14:54:42+0100: Controller: 15 play W E1
2021-02-22 14:54:42+0100: =15 
2021-02-22 14:54:42+0100: Controller: 16 play B pass
2021-02-22 14:54:42+0100: =16 
2021-02-22 14:54:42+0100: Controller: 17 play W F1
2021-02-22 14:54:42+0100: =17 
2021-02-22 14:54:42+0100: Controller: 18 play B pass
2021-02-22 14:54:42+0100: =18 
2021-02-22 14:54:42+0100: Controller: 19 play W G1
2021-02-22 14:54:42+0100: =19 
2021-02-22 14:54:42+0100: Controller: 20 play B pass
2021-02-22 14:54:42+0100: =20 
2021-02-22 14:54:42+0100: Controller: 21 play W H1
2021-02-22 14:54:42+0100: =21 
2021-02-22 14:54:42+0100: Controller: 22 play B pass
2021-02-22 14:54:42+0100: =22 
2021-02-22 14:54:42+0100: Controller: 23 play W J1
2021-02-22 14:54:42+0100: =23 
2021-02-22 14:54:42+0100: Controller: 24 play B pass
2021-02-22 14:54:42+0100: =24 
2021-02-22 14:54:42+0100: Controller: 25 play W K1
2021-02-22 14:54:42+0100: =25 
2021-02-22 14:54:42+0100: Controller: 26 play B pass
2021-02-22 14:54:42+0100: =26 
2021-02-22 14:54:42+0100: Controller: 27 play W L1
2021-02-22 14:54:42+0100: =27 
2021-02-22 14:54:42+0100: Controller: 28 play B pass
2021-02-22 14:54:42+0100: =28 
2021-02-22 14:54:42+0100: Controller: 29 play W M1
2021-02-22 14:54:42+0100: =29 
2021-02-22 14:54:42+0100: Controller: 30 play B pass
2021-02-22 14:54:42+0100: =30 
2021-02-22 14:54:42+0100: Controller: 31 play W N1
2021-02-22 14:54:42+0100: =31 
2021-02-22 14:54:42+0100: Controller: 32 play B pass
2021-02-22 14:54:42+0100: =32 
2021-02-22 14:54:42+0100: Controller: 33 play W O1
2021-02-22 14:54:42+0100: =33 
2021-02-22 14:54:42+0100: Controller: 34 play B pass
2021-02-22 14:54:42+0100: =34 
2021-02-22 14:54:42+0100: Controller: 35 play W P1
2021-02-22 14:54:42+0100: =35 
2021-02-22 14:54:42+0100: Controller: 36 play B pass
2021-02-22 14:54:42+0100: =36 
2021-02-22 14:54:42+0100: Controller: 37 play W Q1
2021-02-22 14:54:42+0100: =37 
2021-02-22 14:54:42+0100: Controller: 38 play B pass
2021-02-22 14:54:42+0100: =38 
2021-02-22 14:54:42+0100: Controller: 39 play W R1
2021-02-22 14:54:42+0100: =39 
2021-02-22 14:54:42+0100: Controller: 40 play B pass
2021-02-22 14:54:42+0100: =40 
2021-02-22 14:54:42+0100: Controller: 41 play W S1
2021-02-22 14:54:42+0100: =41 
2021-02-22 14:54:42+0100: Controller: 42 play B pass
2021-02-22 14:54:42+0100: =42 
2021-02-22 14:54:42+0100: Controller: 43 play W T1
2021-02-22 14:54:42+0100: =43 
2021-02-22 14:54:42+0100: Controller: 44 play B pass
2021-02-22 14:54:42+0100: =44 
2021-02-22 14:54:42+0100: Controller: 45 play W A2
2021-02-22 14:54:42+0100: =45 
2021-02-22 14:54:42+0100: Controller: 46 play B pass
2021-02-22 14:54:42+0100: =46 
2021-02-22 14:54:42+0100: Controller: 47 play W B2
2021-02-22 14:54:42+0100: =47 
2021-02-22 14:54:42+0100: Controller: 48 play B pass
2021-02-22 14:54:42+0100: =48 
2021-02-22 14:54:42+0100: Controller: 49 play W C2
2021-02-22 14:54:42+0100: =49 
2021-02-22 14:54:42+0100: Controller: 50 play B pass
2021-02-22 14:54:42+0100: =50 
2021-02-22 14:54:42+0100: Controller: 51 play W D2
2021-02-22 14:54:42+0100: =51 
2021-02-22 14:54:42+0100: Controller: 52 play B pass
2021-02-22 14:54:42+0100: =52 
2021-02-22 14:54:42+0100: Controller: 53 play W E2
2021-02-22 14:54:42+0100: =53 
2021-02-22 14:54:42+0100: Controller: 54 play B pass
2021-02-22 14:54:42+0100: =54 
2021-02-22 14:54:42+0100: Controller: 55 play W F2
2021-02-22 14:54:42+0100: =55 
2021-02-22 14:54:42+0100: Controller: 56 play B pass
2021-02-22 14:54:42+0100: =56 
2021-02-22 14:54:42+0100: Controller: 57 play W G2
2021-02-22 14:54:42+0100: =57 
2021-02-22 14:54:42+0100: Controller: 58 play B pass
2021-02-22 14:54:42+0100: =58 
2021-02-22 14:54:42+0100: Controller: 59 play W H2
2021-02-22 14:54:42+0100: =59 
2021-02-22 14:54:42+0100: Controller: 60 play B pass
2021-02-22 14:54:42+0100: =60 
2021-02-22 14:54:42+0100: Controller: 61 play W R2
2021-02-22 14:54:42+0100: =61 
2021-02-22 14:54:42+0100: Controller: 62 play B pass
2021-02-22 14:54:42+0100: =62 
2021-02-22 14:54:42+0100: Controller: 63 play W S2
2021-02-22 14:54:42+0100: =63 
2021-02-22 14:54:42+0100: Controller: 64 play B pass
2021-02-22 14:54:42+0100: =64 
2021-02-22 14:54:42+0100: Controller: 65 play W T2
2021-02-22 14:54:42+0100: =65 
2021-02-22 14:54:42+0100: Controller: 66 play B pass
2021-02-22 14:54:42+0100: =66 
2021-02-22 14:54:42+0100: Controller: 67 play W A3
2021-02-22 14:54:42+0100: =67 
2021-02-22 14:54:42+0100: Controller: 68 play B pass
2021-02-22 14:54:42+0100: =68 
2021-02-22 14:54:42+0100: Controller: 69 play W C3
2021-02-22 14:54:42+0100: =69 
2021-02-22 14:54:42+0100: Controller: 70 play B pass
2021-02-22 14:54:42+0100: =70 
2021-02-22 14:54:42+0100: Controller: 71 play W D3
2021-02-22 14:54:42+0100: =71 
2021-02-22 14:54:42+0100: Controller: 72 play B pass
2021-02-22 14:54:42+0100: =72 
2021-02-22 14:54:42+0100: Controller: 73 play W E3
2021-02-22 14:54:42+0100: =73 
2021-02-22 14:54:42+0100: Controller: 74 play B pass
2021-02-22 14:54:42+0100: =74 
2021-02-22 14:54:42+0100: Controller: 75 play W F3
2021-02-22 14:54:42+0100: =75 
2021-02-22 14:54:42+0100: Controller: 76 play B pass
2021-02-22 14:54:42+0100: =76 
2021-02-22 14:54:42+0100: Controller: 77 play W G3
2021-02-22 14:54:42+0100: =77 
2021-02-22 14:54:42+0100: Controller: 78 play B pass
2021-02-22 14:54:42+0100: =78 
2021-02-22 14:54:42+0100: Controller: 79 play W H3
2021-02-22 14:54:42+0100: =79 
2021-02-22 14:54:42+0100: Controller: 80 play B pass
2021-02-22 14:54:42+0100: =80 
2021-02-22 14:54:42+0100: Controller: 81 play W R3
2021-02-22 14:54:42+0100: =81 
2021-02-22 14:54:42+0100: Controller: 82 play B pass
2021-02-22 14:54:42+0100: =82 
2021-02-22 14:54:42+0100: Controller: 83 play W S3
2021-02-22 14:54:42+0100: =83 
2021-02-22 14:54:42+0100: Controller: 84 play B pass
2021-02-22 14:54:42+0100: =84 
2021-02-22 14:54:42+0100: Controller: 85 kata-analyze 10
2021-02-22 14:54:42+0100: =85 
2021-02-22 14:54:42+0100: Controller: 86 play W T3
2021-02-22 14:54:42+0100: =86 
2021-02-22 14:54:42+0100: Controller: 87 play B pass
2021-02-22 14:54:42+0100: =87 
2021-02-22 14:54:42+0100: Controller: 88 play W A4
2021-02-22 14:54:42+0100: =88 
2021-02-22 14:54:42+0100: Controller: 89 play B pass
2021-02-22 14:54:42+0100: =89 
2021-02-22 14:54:42+0100: Controller: 90 play W B4
2021-02-22 14:54:42+0100: =90 
2021-02-22 14:54:42+0100: Controller: 91 play B pass
2021-02-22 14:54:42+0100: =91 
2021-02-22 14:54:42+0100: Controller: 92 play W C4
2021-02-22 14:54:42+0100: =92 
2021-02-22 14:54:42+0100: Controller: 93 play B pass
2021-02-22 14:54:42+0100: =93 
2021-02-22 14:54:42+0100: Controller: 94 play W D4
2021-02-22 14:54:42+0100: =94 
2021-02-22 14:54:42+0100: Controller: 95 play B pass
2021-02-22 14:54:42+0100: =95 
2021-02-22 14:54:42+0100: Controller: 96 play W E4
2021-02-22 14:54:42+0100: =96 
2021-02-22 14:54:42+0100: Controller: 97 play B pass
2021-02-22 14:54:42+0100: =97 
2021-02-22 14:54:42+0100: Controller: 98 play W F4
2021-02-22 14:54:42+0100: =98 
2021-02-22 14:54:42+0100: Controller: 99 play B pass
2021-02-22 14:54:42+0100: =99 
2021-02-22 14:54:42+0100: Controller: 100 play W G4
2021-02-22 14:54:42+0100: =100 
2021-02-22 14:54:42+0100: Controller: 101 play B pass
2021-02-22 14:54:42+0100: =101 
2021-02-22 14:54:42+0100: Controller: 102 play W H4
2021-02-22 14:54:42+0100: =102 
2021-02-22 14:54:42+0100: Controller: 103 play B pass
2021-02-22 14:54:42+0100: =103 
2021-02-22 14:54:42+0100: Controller: 104 play W R4
2021-02-22 14:54:42+0100: =104 
2021-02-22 14:54:42+0100: Controller: 105 play B pass
2021-02-22 14:54:42+0100: =105 
2021-02-22 14:54:42+0100: Controller: 106 play W S4
2021-02-22 14:54:42+0100: =106 
2021-02-22 14:54:42+0100: Controller: 107 play B pass
2021-02-22 14:54:42+0100: =107 
2021-02-22 14:54:42+0100: Controller: 108 play W T4
2021-02-22 14:54:42+0100: =108 
2021-02-22 14:54:42+0100: Controller: 109 play B pass
2021-02-22 14:54:42+0100: =109 
2021-02-22 14:54:42+0100: Controller: 110 play W A5
2021-02-22 14:54:42+0100: =110 
2021-02-22 14:54:42+0100: Controller: 111 play B pass
2021-02-22 14:54:42+0100: =111 
2021-02-22 14:54:42+0100: Controller: 112 play W C5
2021-02-22 14:54:42+0100: =112 
2021-02-22 14:54:42+0100: Controller: 113 play B pass
2021-02-22 14:54:42+0100: =113 
2021-02-22 14:54:42+0100: Controller: 114 play W D5
2021-02-22 14:54:42+0100: =114 
2021-02-22 14:54:42+0100: Controller: 115 play B pass
2021-02-22 14:54:42+0100: =115 
2021-02-22 14:54:42+0100: Controller: 116 play W E5
2021-02-22 14:54:42+0100: =116 
2021-02-22 14:54:42+0100: Controller: 117 play B pass
2021-02-22 14:54:42+0100: =117 
2021-02-22 14:54:42+0100: Controller: 118 play W F5
2021-02-22 14:54:42+0100: =118 
2021-02-22 14:54:42+0100: Controller: 119 play B pass
2021-02-22 14:54:42+0100: =119 
2021-02-22 14:54:42+0100: Controller: 120 play W G5
2021-02-22 14:54:42+0100: =120 
2021-02-22 14:54:42+0100: Controller: 121 play B pass
2021-02-22 14:54:42+0100: =121 
2021-02-22 14:54:42+0100: Controller: 122 play W H5
2021-02-22 14:54:42+0100: =122 
2021-02-22 14:54:42+0100: Controller: 123 play B pass
2021-02-22 14:54:42+0100: =123 
2021-02-22 14:54:42+0100: Controller: 124 play W J5
2021-02-22 14:54:42+0100: =124 
2021-02-22 14:54:42+0100: Controller: 125 play B pass
2021-02-22 14:54:42+0100: =125 
2021-02-22 14:54:42+0100: Controller: 126 play W K5
2021-02-22 14:54:42+0100: =126 
2021-02-22 14:54:42+0100: Controller: 127 play B pass
2021-02-22 14:54:42+0100: =127 
2021-02-22 14:54:42+0100: Controller: 128 play W L5
2021-02-22 14:54:42+0100: =128 
2021-02-22 14:54:42+0100: Controller: 129 play B pass
2021-02-22 14:54:42+0100: =129 
2021-02-22 14:54:42+0100: Controller: 130 play W M5
2021-02-22 14:54:42+0100: =130 
2021-02-22 14:54:42+0100: Controller: 131 play B pass
2021-02-22 14:54:42+0100: =131 
2021-02-22 14:54:42+0100: Controller: 132 play W N5
2021-02-22 14:54:42+0100: =132 
2021-02-22 14:54:42+0100: Controller: 133 play B pass
2021-02-22 14:54:42+0100: =133 
2021-02-22 14:54:42+0100: Controller: 134 play W O5
2021-02-22 14:54:42+0100: =134 
2021-02-22 14:54:42+0100: Controller: 135 play B pass
2021-02-22 14:54:42+0100: =135 
2021-02-22 14:54:42+0100: Controller: 136 play W P5
2021-02-22 14:54:42+0100: =136 
2021-02-22 14:54:42+0100: Controller: 137 play B pass
2021-02-22 14:54:42+0100: =137 
2021-02-22 14:54:42+0100: Controller: 138 play W R5
2021-02-22 14:54:42+0100: =138 
2021-02-22 14:54:42+0100: Controller: 139 play B pass
2021-02-22 14:54:42+0100: =139 
2021-02-22 14:54:42+0100: Controller: 140 play W S5
2021-02-22 14:54:42+0100: =140 
2021-02-22 14:54:42+0100: Controller: 141 play B pass
2021-02-22 14:54:42+0100: =141 
2021-02-22 14:54:42+0100: Controller: 142 play W T5
2021-02-22 14:54:42+0100: =142 
2021-02-22 14:54:42+0100: Controller: 143 play B pass
2021-02-22 14:54:42+0100: =143 
2021-02-22 14:54:42+0100: Controller: 144 play W A6
2021-02-22 14:54:42+0100: =144 
2021-02-22 14:54:42+0100: Controller: 145 play B pass
2021-02-22 14:54:42+0100: =145 
2021-02-22 14:54:42+0100: Controller: 146 play W B6
2021-02-22 14:54:42+0100: =146 
2021-02-22 14:54:42+0100: Controller: 147 kata-analyze 10
2021-02-22 14:54:42+0100: =147 
2021-02-22 14:54:42+0100: Controller: 148 play B J2
2021-02-22 14:54:42+0100: =148 
2021-02-22 14:54:42+0100: Controller: 149 play W C6
2021-02-22 14:54:42+0100: =149 
2021-02-22 14:54:42+0100: Controller: 150 play B K2
2021-02-22 14:54:42+0100: =150 
2021-02-22 14:54:42+0100: Controller: 151 play W P6
2021-02-22 14:54:42+0100: =151 
2021-02-22 14:54:42+0100: Controller: 152 play B L2
2021-02-22 14:54:42+0100: =152 
2021-02-22 14:54:42+0100: Controller: 153 play W R6
2021-02-22 14:54:42+0100: =153 
2021-02-22 14:54:42+0100: Controller: 154 play B M2
2021-02-22 14:54:42+0100: =154 
2021-02-22 14:54:42+0100: Controller: 155 play W S6
2021-02-22 14:54:42+0100: =155 
2021-02-22 14:54:42+0100: Controller: 156 play B N2
2021-02-22 14:54:42+0100: =156 
2021-02-22 14:54:42+0100: Controller: 157 play W T6
2021-02-22 14:54:42+0100: =157 
2021-02-22 14:54:42+0100: Controller: 158 play B O2
2021-02-22 14:54:42+0100: =158 
2021-02-22 14:54:42+0100: Controller: 159 play W C7
2021-02-22 14:54:42+0100: =159 
2021-02-22 14:54:42+0100: Controller: 160 play B P2
2021-02-22 14:54:42+0100: =160 
2021-02-22 14:54:42+0100: Controller: 161 play W P7
2021-02-22 14:54:42+0100: =161 
2021-02-22 14:54:42+0100: Controller: 162 play B Q2
2021-02-22 14:54:42+0100: =162 
2021-02-22 14:54:42+0100: Controller: 163 play W R7
2021-02-22 14:54:42+0100: =163 
2021-02-22 14:54:42+0100: Controller: 164 play B J3
2021-02-22 14:54:42+0100: =164 
2021-02-22 14:54:42+0100: Controller: 165 play W S7
2021-02-22 14:54:42+0100: =165 
2021-02-22 14:54:42+0100: Controller: 166 play B L3
2021-02-22 14:54:42+0100: =166 
2021-02-22 14:54:42+0100: Controller: 167 play W T7
2021-02-22 14:54:42+0100: =167 
2021-02-22 14:54:42+0100: Controller: 168 play B M3
2021-02-22 14:54:42+0100: =168 
2021-02-22 14:54:42+0100: Controller: 169 play W C8
2021-02-22 14:54:42+0100: =169 
2021-02-22 14:54:42+0100: Controller: 170 play B O3
2021-02-22 14:54:42+0100: =170 
2021-02-22 14:54:42+0100: Controller: 171 play W P8
2021-02-22 14:54:42+0100: =171 
2021-02-22 14:54:42+0100: Controller: 172 play B Q3
2021-02-22 14:54:42+0100: =172 
2021-02-22 14:54:42+0100: Controller: 173 play W R8
2021-02-22 14:54:42+0100: =173 
2021-02-22 14:54:42+0100: Controller: 174 play B J4
2021-02-22 14:54:42+0100: =174 
2021-02-22 14:54:42+0100: Controller: 175 play W S8
2021-02-22 14:54:42+0100: =175 
2021-02-22 14:54:42+0100: Controller: 176 play B K4
2021-02-22 14:54:42+0100: =176 
2021-02-22 14:54:42+0100: Controller: 177 kata-analyze 10
2021-02-22 14:54:42+0100: =177 
2021-02-22 14:54:42+0100: Controller: 178 play W T8
2021-02-22 14:54:42+0100: =178 
2021-02-22 14:54:42+0100: Controller: 179 play B L4
2021-02-22 14:54:42+0100: =179 
2021-02-22 14:54:42+0100: Controller: 180 play W C9
2021-02-22 14:54:42+0100: =180 
2021-02-22 14:54:42+0100: Controller: 181 play B M4
2021-02-22 14:54:42+0100: =181 
2021-02-22 14:54:42+0100: Controller: 182 play W P9
2021-02-22 14:54:42+0100: =182 
2021-02-22 14:54:42+0100: Controller: 183 play B N4
2021-02-22 14:54:42+0100: =183 
2021-02-22 14:54:42+0100: Controller: 184 play W R9
2021-02-22 14:54:42+0100: =184 
2021-02-22 14:54:42+0100: Controller: 185 play B O4
2021-02-22 14:54:42+0100: =185 
2021-02-22 14:54:42+0100: Controller: 186 play W S9
2021-02-22 14:54:42+0100: =186 
2021-02-22 14:54:42+0100: Controller: 187 play B P4
2021-02-22 14:54:42+0100: =187 
2021-02-22 14:54:42+0100: Controller: 188 play W T9
2021-02-22 14:54:42+0100: =188 
2021-02-22 14:54:42+0100: Controller: 189 play B Q4
2021-02-22 14:54:42+0100: =189 
2021-02-22 14:54:42+0100: Controller: 190 play W C10
2021-02-22 14:54:42+0100: =190 
2021-02-22 14:54:42+0100: Controller: 191 play B Q5
2021-02-22 14:54:42+0100: =191 
2021-02-22 14:54:42+0100: Controller: 192 play W P10
2021-02-22 14:54:42+0100: =192 
2021-02-22 14:54:42+0100: Controller: 193 play B Q6
2021-02-22 14:54:42+0100: =193 
2021-02-22 14:54:42+0100: Controller: 194 play W R10
2021-02-22 14:54:42+0100: =194 
2021-02-22 14:54:42+0100: Controller: 195 play B A7
2021-02-22 14:54:42+0100: =195 
2021-02-22 14:54:42+0100: Controller: 196 play W S10
2021-02-22 14:54:42+0100: =196 
2021-02-22 14:54:42+0100: Controller: 197 play B B7
2021-02-22 14:54:42+0100: =197 
2021-02-22 14:54:42+0100: Controller: 198 play W T10
2021-02-22 14:54:42+0100: =198 
2021-02-22 14:54:42+0100: Controller: 199 play B Q7
2021-02-22 14:54:42+0100: =199 
2021-02-22 14:54:42+0100: Controller: 200 play W C11
2021-02-22 14:54:42+0100: =200 
2021-02-22 14:54:42+0100: Controller: 201 play B A8
2021-02-22 14:54:42+0100: =201 
2021-02-22 14:54:42+0100: Controller: 202 play W P11
2021-02-22 14:54:42+0100: =202 
2021-02-22 14:54:42+0100: Controller: 203 play B B8
2021-02-22 14:54:42+0100: =203 
2021-02-22 14:54:42+0100: Controller: 204 play W R11
2021-02-22 14:54:42+0100: =204 
2021-02-22 14:54:42+0100: Controller: 205 play B Q8
2021-02-22 14:54:42+0100: =205 
2021-02-22 14:54:42+0100: Controller: 206 play W S11
2021-02-22 14:54:42+0100: =206 
2021-02-22 14:54:42+0100: Controller: 207 play B A9
2021-02-22 14:54:42+0100: =207 
2021-02-22 14:54:42+0100: Controller: 208 play W T11
2021-02-22 14:54:42+0100: =208 
2021-02-22 14:54:42+0100: Controller: 209 play B B9
2021-02-22 14:54:42+0100: =209 
2021-02-22 14:54:42+0100: Controller: 210 play W C12
2021-02-22 14:54:42+0100: =210 
2021-02-22 14:54:42+0100: Controller: 211 play B Q9
2021-02-22 14:54:42+0100: =211 
2021-02-22 14:54:42+0100: Controller: 212 play W P12
2021-02-22 14:54:42+0100: =212 
2021-02-22 14:54:42+0100: Controller: 213 play B A10
2021-02-22 14:54:42+0100: =213 
2021-02-22 14:54:42+0100: Controller: 214 play W R12
2021-02-22 14:54:42+0100: =214 
2021-02-22 14:54:42+0100: Controller: 215 play B B10
2021-02-22 14:54:42+0100: =215 
2021-02-22 14:54:42+0100: Controller: 216 play W S12
2021-02-22 14:54:42+0100: =216 
2021-02-22 14:54:42+0100: Controller: 217 play B Q10
2021-02-22 14:54:42+0100: =217 
2021-02-22 14:54:42+0100: Controller: 218 play W T12
2021-02-22 14:54:42+0100: =218 
2021-02-22 14:54:42+0100: Controller: 219 play B A11
2021-02-22 14:54:42+0100: =219 
2021-02-22 14:54:42+0100: Controller: 220 play W C13
2021-02-22 14:54:42+0100: =220 
2021-02-22 14:54:42+0100: Controller: 221 play B B11
2021-02-22 14:54:42+0100: =221 
2021-02-22 14:54:42+0100: Controller: 222 play W P13
2021-02-22 14:54:42+0100: =222 
2021-02-22 14:54:42+0100: Controller: 223 play B Q11
2021-02-22 14:54:42+0100: =223 
2021-02-22 14:54:42+0100: Controller: 224 play W R13
2021-02-22 14:54:42+0100: =224 
2021-02-22 14:54:42+0100: Controller: 225 play B A12
2021-02-22 14:54:42+0100: =225 
2021-02-22 14:54:42+0100: Controller: 226 play W S13
2021-02-22 14:54:42+0100: =226 
2021-02-22 14:54:42+0100: Controller: 227 play B B12
2021-02-22 14:54:42+0100: =227 
2021-02-22 14:54:42+0100: Controller: 228 play W T13
2021-02-22 14:54:42+0100: =228 
2021-02-22 14:54:42+0100: Controller: 229 play B Q12
2021-02-22 14:54:42+0100: =229 
2021-02-22 14:54:42+0100: Controller: 230 play W C14
2021-02-22 14:54:42+0100: =230 
2021-02-22 14:54:42+0100: Controller: 231 play B A13
2021-02-22 14:54:42+0100: =231 
2021-02-22 14:54:42+0100: Controller: 232 play W P14
2021-02-22 14:54:42+0100: =232 
2021-02-22 14:54:42+0100: Controller: 233 play B B13
2021-02-22 14:54:42+0100: =233 
2021-02-22 14:54:42+0100: Controller: 234 play W R14
2021-02-22 14:54:42+0100: =234 
2021-02-22 14:54:42+0100: Controller: 235 play B Q13
2021-02-22 14:54:42+0100: =235 
2021-02-22 14:54:42+0100: Controller: 236 play W S14
2021-02-22 14:54:42+0100: =236 
2021-02-22 14:54:42+0100: Controller: 237 play B A14
2021-02-22 14:54:42+0100: =237 
2021-02-22 14:54:42+0100: Controller: 238 play W T14
2021-02-22 14:54:42+0100: =238 
2021-02-22 14:54:42+0100: Controller: 239 play B B14
2021-02-22 14:54:42+0100: =239 
2021-02-22 14:54:42+0100: Controller: 240 play W C15
2021-02-22 14:54:42+0100: =240 
2021-02-22 14:54:42+0100: Controller: 241 play B Q14
2021-02-22 14:54:42+0100: =241 
2021-02-22 14:54:42+0100: Controller: 242 play W P15
2021-02-22 14:54:42+0100: =242 
2021-02-22 14:54:42+0100: Controller: 243 play B A15
2021-02-22 14:54:42+0100: =243 
2021-02-22 14:54:42+0100: Controller: 244 play W R15
2021-02-22 14:54:42+0100: =244 
2021-02-22 14:54:42+0100: Controller: 245 play B B15
2021-02-22 14:54:42+0100: =245 
2021-02-22 14:54:42+0100: Controller: 246 play W S15
2021-02-22 14:54:42+0100: =246 
2021-02-22 14:54:42+0100: Controller: 247 play B Q15
2021-02-22 14:54:42+0100: =247 
2021-02-22 14:54:42+0100: Controller: 248 play W T15
2021-02-22 14:54:42+0100: =248 
2021-02-22 14:54:42+0100: Controller: 249 play B A16
2021-02-22 14:54:42+0100: =249 
2021-02-22 14:54:42+0100: Controller: 250 play W C16
2021-02-22 14:54:42+0100: =250 
2021-02-22 14:54:42+0100: Controller: 251 play B B16
2021-02-22 14:54:42+0100: =251 
2021-02-22 14:54:42+0100: Controller: 252 play W D16
2021-02-22 14:54:42+0100: =252 
2021-02-22 14:54:42+0100: Controller: 253 play B Q16
2021-02-22 14:54:42+0100: =253 
2021-02-22 14:54:42+0100: Controller: 254 play W E16
2021-02-22 14:54:42+0100: =254 
2021-02-22 14:54:42+0100: Controller: 255 kata-analyze 10
2021-02-22 14:54:42+0100: =255 
2021-02-22 14:54:42+0100: Controller: 256 play B A17
2021-02-22 14:54:42+0100: =256 
2021-02-22 14:54:42+0100: Controller: 257 play W F16
2021-02-22 14:54:42+0100: =257 
2021-02-22 14:54:42+0100: Controller: 258 play B B17
2021-02-22 14:54:42+0100: =258 
2021-02-22 14:54:42+0100: Controller: 259 play W G16
2021-02-22 14:54:42+0100: =259 
2021-02-22 14:54:42+0100: Controller: 260 play B C17
2021-02-22 14:54:42+0100: =260 
2021-02-22 14:54:42+0100: Controller: 261 play W H16
2021-02-22 14:54:42+0100: =261 
2021-02-22 14:54:42+0100: Controller: 262 play B D17
2021-02-22 14:54:42+0100: =262 
2021-02-22 14:54:42+0100: Controller: 263 play W J16
2021-02-22 14:54:42+0100: =263 
2021-02-22 14:54:42+0100: Controller: 264 play B E17
2021-02-22 14:54:42+0100: =264 
2021-02-22 14:54:42+0100: Controller: 265 play W K16
2021-02-22 14:54:42+0100: =265 
2021-02-22 14:54:42+0100: Controller: 266 play B F17
2021-02-22 14:54:42+0100: =266 
2021-02-22 14:54:42+0100: Controller: 267 play W L16
2021-02-22 14:54:42+0100: =267 
2021-02-22 14:54:42+0100: Controller: 268 play B G17
2021-02-22 14:54:42+0100: =268 
2021-02-22 14:54:42+0100: Controller: 269 play W M16
2021-02-22 14:54:42+0100: =269 
2021-02-22 14:54:42+0100: Controller: 270 play B H17
2021-02-22 14:54:42+0100: =270 
2021-02-22 14:54:42+0100: Controller: 271 play W N16
2021-02-22 14:54:42+0100: =271 
2021-02-22 14:54:42+0100: Controller: 272 play B J17
2021-02-22 14:54:42+0100: =272 
2021-02-22 14:54:42+0100: Controller: 273 play W O16
2021-02-22 14:54:42+0100: =273 
2021-02-22 14:54:42+0100: Controller: 274 play B L17
2021-02-22 14:54:42+0100: =274 
2021-02-22 14:54:42+0100: Controller: 275 play W P16
2021-02-22 14:54:42+0100: =275 
2021-02-22 14:54:42+0100: Controller: 276 play B M17
2021-02-22 14:54:42+0100: =276 
2021-02-22 14:54:42+0100: Controller: 277 play W R16
2021-02-22 14:54:42+0100: =277 
2021-02-22 14:54:42+0100: Controller: 278 play B N17
2021-02-22 14:54:42+0100: =278 
2021-02-22 14:54:42+0100: Controller: 279 play W S16
2021-02-22 14:54:42+0100: =279 
2021-02-22 14:54:42+0100: Controller: 280 play B O17
2021-02-22 14:54:42+0100: =280 
2021-02-22 14:54:42+0100: Controller: 281 play W T16
2021-02-22 14:54:42+0100: =281 
2021-02-22 14:54:42+0100: Controller: 282 play B P17
2021-02-22 14:54:42+0100: =282 
2021-02-22 14:54:42+0100: Controller: 283 play W K17
2021-02-22 14:54:42+0100: =283 
2021-02-22 14:54:42+0100: Controller: 284 play B Q17
2021-02-22 14:54:42+0100: =284 
2021-02-22 14:54:42+0100: Controller: 285 play W R17
2021-02-22 14:54:42+0100: =285 
2021-02-22 14:54:42+0100: Controller: 286 play B B18
2021-02-22 14:54:42+0100: =286 
2021-02-22 14:54:42+0100: Controller: 287 play W S17
2021-02-22 14:54:42+0100: =287 
2021-02-22 14:54:42+0100: Controller: 288 play B C18
2021-02-22 14:54:42+0100: =288 
2021-02-22 14:54:42+0100: Controller: 289 play W T17
2021-02-22 14:54:42+0100: =289 
2021-02-22 14:54:42+0100: Controller: 290 play B D18
2021-02-22 14:54:42+0100: =290 
2021-02-22 14:54:42+0100: Controller: 291 play W L18
2021-02-22 14:54:42+0100: =291 
2021-02-22 14:54:42+0100: Controller: 292 play B E18
2021-02-22 14:54:42+0100: =292 
2021-02-22 14:54:42+0100: Controller: 293 play W M18
2021-02-22 14:54:42+0100: =293 
2021-02-22 14:54:42+0100: Controller: 294 play B F18
2021-02-22 14:54:42+0100: =294 
2021-02-22 14:54:42+0100: Controller: 295 play W N18
2021-02-22 14:54:42+0100: =295 
2021-02-22 14:54:42+0100: Controller: 296 play B G18
2021-02-22 14:54:42+0100: =296 
2021-02-22 14:54:42+0100: Controller: 297 play W O18
2021-02-22 14:54:42+0100: =297 
2021-02-22 14:54:42+0100: Controller: 298 play B H18
2021-02-22 14:54:42+0100: =298 
2021-02-22 14:54:42+0100: Controller: 299 play W P18
2021-02-22 14:54:42+0100: =299 
2021-02-22 14:54:42+0100: Controller: 300 play B J18
2021-02-22 14:54:42+0100: =300 
2021-02-22 14:54:42+0100: Controller: 301 play W Q18
2021-02-22 14:54:42+0100: =301 
2021-02-22 14:54:42+0100: Controller: 302 play B K18
2021-02-22 14:54:42+0100: =302 
2021-02-22 14:54:42+0100: Controller: 303 play W R18
2021-02-22 14:54:42+0100: =303 
2021-02-22 14:54:42+0100: Controller: 304 play B A19
2021-02-22 14:54:42+0100: =304 
2021-02-22 14:54:42+0100: Controller: 305 play W S18
2021-02-22 14:54:42+0100: =305 
2021-02-22 14:54:42+0100: Controller: 306 play B C19
2021-02-22 14:54:42+0100: =306 
2021-02-22 14:54:42+0100: Controller: 307 play W L19
2021-02-22 14:54:42+0100: =307 
2021-02-22 14:54:42+0100: Controller: 308 play B D19
2021-02-22 14:54:42+0100: =308 
2021-02-22 14:54:42+0100: Controller: 309 play W M19
2021-02-22 14:54:42+0100: =309 
2021-02-22 14:54:42+0100: Controller: 310 play B E19
2021-02-22 14:54:42+0100: =310 
2021-02-22 14:54:42+0100: Controller: 311 play W N19
2021-02-22 14:54:42+0100: =311 
2021-02-22 14:54:42+0100: Controller: 312 play B F19
2021-02-22 14:54:42+0100: =312 
2021-02-22 14:54:42+0100: Controller: 313 play W O19
2021-02-22 14:54:42+0100: =313 
2021-02-22 14:54:42+0100: Controller: 314 play B G19
2021-02-22 14:54:42+0100: =314 
2021-02-22 14:54:42+0100: Controller: 315 play W P19
2021-02-22 14:54:42+0100: =315 
2021-02-22 14:54:42+0100: Controller: 316 play B H19
2021-02-22 14:54:42+0100: =316 
2021-02-22 14:54:42+0100: Controller: 317 play W Q19
2021-02-22 14:54:42+0100: =317 
2021-02-22 14:54:42+0100: Controller: 318 play B J19
2021-02-22 14:54:42+0100: =318 
2021-02-22 14:54:42+0100: Controller: 319 play W R19
2021-02-22 14:54:42+0100: =319 
2021-02-22 14:54:42+0100: Controller: 320 play B K19
2021-02-22 14:54:42+0100: =320 
2021-02-22 14:54:42+0100: Controller: 321 play W T19
2021-02-22 14:54:42+0100: =321 
2021-02-22 14:54:42+0100: Controller: 322 kata-analyze 10
2021-02-22 14:54:42+0100: =322 
2021-02-22 14:54:47+0100: Controller: 323 clear_board
2021-02-22 14:54:47+0100: =323 
2021-02-22 14:54:48+0100: All cleaned up, quitting
