2021-02-22 14:34:29+0100: GTP Engine starting...
2021-02-22 14:34:29+0100: KataGo v1.8.0
2021-02-22 14:34:29+0100: Using TrompTaylor rules initially, unless GTP/GUI overrides this
2021-02-22 14:34:29+0100: Using 6 CPU thread(s) for search
2021-02-22 14:34:29+0100: nnRandSeed0 = 4038371330632468267
2021-02-22 14:34:29+0100: After dedups: nnModelFile0 = Katago40B.gz useFP16 auto useNHWC auto
2021-02-22 14:34:31+0100: Found OpenCL Platform 0: NVIDIA CUDA (NVIDIA Corporation) (OpenCL 1.2 CUDA 11.2.109)
2021-02-22 14:34:31+0100: Found 1 device(s) on platform 0 with type CPU or GPU or Accelerator
2021-02-22 14:34:31+0100: Found OpenCL Device 0: GeForce RTX 3060 Ti (NVIDIA Corporation) (score 11000102)
2021-02-22 14:34:31+0100: Creating context for OpenCL Platform: NVIDIA CUDA (NVIDIA Corporation) (OpenCL 1.2 CUDA 11.2.109)
2021-02-22 14:34:31+0100: Using OpenCL Device 0: GeForce RTX 3060 Ti (NVIDIA Corporation) OpenCL 1.2 CUDA (Extensions: cl_khr_global_int32_base_atomics cl_khr_global_int32_extended_atomics cl_khr_local_int32_base_atomics cl_khr_local_int32_extended_atomics cl_khr_fp64 cl_khr_byte_addressable_store cl_khr_icd cl_khr_gl_sharing cl_nv_compiler_options cl_nv_device_attribute_query cl_nv_pragma_unroll cl_nv_d3d10_sharing cl_khr_d3d10_sharing cl_nv_d3d11_sharing cl_nv_copy_opts cl_nv_create_buffer cl_khr_int64_base_atomics cl_khr_int64_extended_atomics cl_khr_device_uuid)
2021-02-22 14:34:31+0100: Loaded tuning parameters from: C:\Users\cedri\git\lizzie\katago/KataGoData/opencltuning/tune8_gpuGeForceRTX3060Ti_x19_y19_c256_mv10.txt
2021-02-22 14:34:31+0100: OpenCL backend thread 0: Model version 10
2021-02-22 14:34:31+0100: OpenCL backend thread 0: Model name: kata1-b40c256-s6340147456-d1536898732
2021-02-22 14:34:35+0100: OpenCL backend thread 0: FP16Storage true FP16Compute false FP16TensorCores true
2021-02-22 14:34:35+0100: Loaded neural net with nnXLen 19 nnYLen 19
2021-02-22 14:34:35+0100: Loaded config katago\default_gtp.cfg
2021-02-22 14:34:35+0100: Loaded model Katago40B.gz
2021-02-22 14:34:35+0100: Model name: kata1-b40c256-s6340147456-d1536898732
2021-02-22 14:34:35+0100: GTP ready, beginning main protocol loop
2021-02-22 14:34:35+0100: Controller: 1 name
2021-02-22 14:34:35+0100: =1 KataGo
2021-02-22 14:34:35+0100: Controller: 2 version
2021-02-22 14:34:35+0100: =2 1.8.0
2021-02-22 14:34:35+0100: Controller: 3 boardsize 19
2021-02-22 14:34:35+0100: =3 
2021-02-22 14:34:35+0100: Controller: 4 komi 7.5
2021-02-22 14:34:35+0100: =4 
2021-02-22 14:34:35+0100: Controller: 5 lz-analyze 10
2021-02-22 14:34:35+0100: =5 
2021-02-22 14:34:41+0100: Controller: 6 play B C1
2021-02-22 14:34:41+0100: =6 
2021-02-22 14:34:41+0100: Controller: 7 play W pass
2021-02-22 14:34:41+0100: =7 
2021-02-22 14:34:41+0100: Controller: 8 play B D1
2021-02-22 14:34:41+0100: =8 
2021-02-22 14:34:41+0100: Controller: 9 play W pass
2021-02-22 14:34:41+0100: =9 
2021-02-22 14:34:41+0100: Controller: 10 play B E1
2021-02-22 14:34:41+0100: =10 
2021-02-22 14:34:41+0100: Controller: 11 play W pass
2021-02-22 14:34:41+0100: =11 
2021-02-22 14:34:41+0100: Controller: 12 play B F1
2021-02-22 14:34:41+0100: =12 
2021-02-22 14:34:41+0100: Controller: 13 play W pass
2021-02-22 14:34:41+0100: =13 
2021-02-22 14:34:41+0100: Controller: 14 play B G1
2021-02-22 14:34:41+0100: =14 
2021-02-22 14:34:41+0100: Controller: 15 play W pass
2021-02-22 14:34:41+0100: =15 
2021-02-22 14:34:41+0100: Controller: 16 play B J1
2021-02-22 14:34:41+0100: =16 
2021-02-22 14:34:41+0100: Controller: 17 play W pass
2021-02-22 14:34:41+0100: =17 
2021-02-22 14:34:41+0100: Controller: 18 play B L1
2021-02-22 14:34:41+0100: =18 
2021-02-22 14:34:41+0100: Controller: 19 play W pass
2021-02-22 14:34:41+0100: =19 
2021-02-22 14:34:41+0100: Controller: 20 play B M1
2021-02-22 14:34:41+0100: =20 
2021-02-22 14:34:41+0100: Controller: 21 play W pass
2021-02-22 14:34:41+0100: =21 
2021-02-22 14:34:41+0100: Controller: 22 play B O1
2021-02-22 14:34:41+0100: =22 
2021-02-22 14:34:41+0100: Controller: 23 play W pass
2021-02-22 14:34:41+0100: =23 
2021-02-22 14:34:41+0100: Controller: 24 play B Q1
2021-02-22 14:34:41+0100: =24 
2021-02-22 14:34:41+0100: Controller: 25 play W pass
2021-02-22 14:34:41+0100: =25 
2021-02-22 14:34:41+0100: Controller: 26 play B R1
2021-02-22 14:34:41+0100: =26 
2021-02-22 14:34:41+0100: Controller: 27 play W pass
2021-02-22 14:34:41+0100: =27 
2021-02-22 14:34:41+0100: Controller: 28 play B S1
2021-02-22 14:34:41+0100: =28 
2021-02-22 14:34:41+0100: Controller: 29 play W pass
2021-02-22 14:34:41+0100: =29 
2021-02-22 14:34:41+0100: Controller: 30 play B T1
2021-02-22 14:34:41+0100: =30 
2021-02-22 14:34:41+0100: Controller: 31 play W pass
2021-02-22 14:34:41+0100: =31 
2021-02-22 14:34:41+0100: Controller: 32 play B C2
2021-02-22 14:34:41+0100: =32 
2021-02-22 14:34:41+0100: Controller: 33 play W pass
2021-02-22 14:34:41+0100: =33 
2021-02-22 14:34:41+0100: Controller: 34 play B D2
2021-02-22 14:34:41+0100: =34 
2021-02-22 14:34:41+0100: Controller: 35 play W pass
2021-02-22 14:34:41+0100: =35 
2021-02-22 14:34:41+0100: Controller: 36 play B E2
2021-02-22 14:34:41+0100: =36 
2021-02-22 14:34:41+0100: Controller: 37 play W pass
2021-02-22 14:34:41+0100: =37 
2021-02-22 14:34:41+0100: Controller: 38 play B F2
2021-02-22 14:34:41+0100: =38 
2021-02-22 14:34:41+0100: Controller: 39 play W pass
2021-02-22 14:34:41+0100: =39 
2021-02-22 14:34:41+0100: Controller: 40 play B G2
2021-02-22 14:34:41+0100: =40 
2021-02-22 14:34:41+0100: Controller: 41 play W pass
2021-02-22 14:34:41+0100: =41 
2021-02-22 14:34:41+0100: Controller: 42 play B J2
2021-02-22 14:34:41+0100: =42 
2021-02-22 14:34:41+0100: Controller: 43 play W pass
2021-02-22 14:34:41+0100: =43 
2021-02-22 14:34:41+0100: Controller: 44 play B K2
2021-02-22 14:34:41+0100: =44 
2021-02-22 14:34:41+0100: Controller: 45 play W pass
2021-02-22 14:34:41+0100: =45 
2021-02-22 14:34:41+0100: Controller: 46 play B L2
2021-02-22 14:34:41+0100: =46 
2021-02-22 14:34:41+0100: Controller: 47 play W pass
2021-02-22 14:34:41+0100: =47 
2021-02-22 14:34:41+0100: Controller: 48 play B M2
2021-02-22 14:34:41+0100: =48 
2021-02-22 14:34:41+0100: Controller: 49 play W pass
2021-02-22 14:34:41+0100: =49 
2021-02-22 14:34:41+0100: Controller: 50 play B N2
2021-02-22 14:34:41+0100: =50 
2021-02-22 14:34:41+0100: Controller: 51 play W pass
2021-02-22 14:34:41+0100: =51 
2021-02-22 14:34:41+0100: Controller: 52 play B O2
2021-02-22 14:34:41+0100: =52 
2021-02-22 14:34:41+0100: Controller: 53 play W pass
2021-02-22 14:34:41+0100: =53 
2021-02-22 14:34:41+0100: Controller: 54 play B P2
2021-02-22 14:34:41+0100: =54 
2021-02-22 14:34:41+0100: Controller: 55 play W pass
2021-02-22 14:34:41+0100: =55 
2021-02-22 14:34:41+0100: Controller: 56 play B Q2
2021-02-22 14:34:41+0100: =56 
2021-02-22 14:34:41+0100: Controller: 57 play W pass
2021-02-22 14:34:41+0100: =57 
2021-02-22 14:34:41+0100: Controller: 58 play B R2
2021-02-22 14:34:41+0100: =58 
2021-02-22 14:34:41+0100: Controller: 59 play W pass
2021-02-22 14:34:41+0100: =59 
2021-02-22 14:34:41+0100: Controller: 60 play B S2
2021-02-22 14:34:41+0100: =60 
2021-02-22 14:34:41+0100: Controller: 61 play W pass
2021-02-22 14:34:41+0100: =61 
2021-02-22 14:34:41+0100: Controller: 62 play B T2
2021-02-22 14:34:41+0100: =62 
2021-02-22 14:34:41+0100: Controller: 63 play W pass
2021-02-22 14:34:41+0100: =63 
2021-02-22 14:34:41+0100: Controller: 64 play B S3
2021-02-22 14:34:41+0100: =64 
2021-02-22 14:34:41+0100: Controller: 65 play W pass
2021-02-22 14:34:41+0100: =65 
2021-02-22 14:34:41+0100: Controller: 66 play B T3
2021-02-22 14:34:41+0100: =66 
2021-02-22 14:34:41+0100: Controller: 67 play W pass
2021-02-22 14:34:41+0100: =67 
2021-02-22 14:34:41+0100: Controller: 68 play B S4
2021-02-22 14:34:41+0100: =68 
2021-02-22 14:34:41+0100: Controller: 69 play W pass
2021-02-22 14:34:41+0100: =69 
2021-02-22 14:34:41+0100: Controller: 70 play B T4
2021-02-22 14:34:41+0100: =70 
2021-02-22 14:34:41+0100: Controller: 71 play W pass
2021-02-22 14:34:41+0100: =71 
2021-02-22 14:34:41+0100: Controller: 72 play B A5
2021-02-22 14:34:41+0100: =72 
2021-02-22 14:34:41+0100: Controller: 73 play W pass
2021-02-22 14:34:41+0100: =73 
2021-02-22 14:34:41+0100: Controller: 74 play B S5
2021-02-22 14:34:41+0100: =74 
2021-02-22 14:34:41+0100: Controller: 75 play W pass
2021-02-22 14:34:41+0100: =75 
2021-02-22 14:34:41+0100: Controller: 76 play B T5
2021-02-22 14:34:41+0100: =76 
2021-02-22 14:34:41+0100: Controller: 77 play W pass
2021-02-22 14:34:41+0100: =77 
2021-02-22 14:34:41+0100: Controller: 78 play B A6
2021-02-22 14:34:41+0100: =78 
2021-02-22 14:34:41+0100: Controller: 79 play W pass
2021-02-22 14:34:41+0100: =79 
2021-02-22 14:34:41+0100: Controller: 80 play B S6
2021-02-22 14:34:41+0100: =80 
2021-02-22 14:34:41+0100: Controller: 81 play W pass
2021-02-22 14:34:41+0100: =81 
2021-02-22 14:34:41+0100: Controller: 82 play B T6
2021-02-22 14:34:41+0100: =82 
2021-02-22 14:34:41+0100: Controller: 83 play W pass
2021-02-22 14:34:41+0100: =83 
2021-02-22 14:34:41+0100: Controller: 84 play B A7
2021-02-22 14:34:41+0100: =84 
2021-02-22 14:34:41+0100: Controller: 85 play W pass
2021-02-22 14:34:41+0100: =85 
2021-02-22 14:34:41+0100: Controller: 86 play B S7
2021-02-22 14:34:41+0100: =86 
2021-02-22 14:34:41+0100: Controller: 87 play W pass
2021-02-22 14:34:41+0100: =87 
2021-02-22 14:34:41+0100: Controller: 88 play B T7
2021-02-22 14:34:41+0100: =88 
2021-02-22 14:34:41+0100: Controller: 89 play W pass
2021-02-22 14:34:41+0100: =89 
2021-02-22 14:34:41+0100: Controller: 90 play B A8
2021-02-22 14:34:41+0100: =90 
2021-02-22 14:34:41+0100: Controller: 91 play W pass
2021-02-22 14:34:41+0100: =91 
2021-02-22 14:34:41+0100: Controller: 92 play B S8
2021-02-22 14:34:41+0100: =92 
2021-02-22 14:34:41+0100: Controller: 93 play W pass
2021-02-22 14:34:41+0100: =93 
2021-02-22 14:34:41+0100: Controller: 94 play B T8
2021-02-22 14:34:41+0100: =94 
2021-02-22 14:34:41+0100: Controller: 95 play W pass
2021-02-22 14:34:41+0100: =95 
2021-02-22 14:34:41+0100: Controller: 96 play B A9
2021-02-22 14:34:41+0100: =96 
2021-02-22 14:34:41+0100: Controller: 97 play W pass
2021-02-22 14:34:41+0100: =97 
2021-02-22 14:34:41+0100: Controller: 98 play B S9
2021-02-22 14:34:41+0100: =98 
2021-02-22 14:34:41+0100: Controller: 99 play W pass
2021-02-22 14:34:41+0100: =99 
2021-02-22 14:34:41+0100: Controller: 100 play B T9
2021-02-22 14:34:41+0100: =100 
2021-02-22 14:34:41+0100: Controller: 101 play W pass
2021-02-22 14:34:41+0100: =101 
2021-02-22 14:34:41+0100: Controller: 102 play B A10
2021-02-22 14:34:41+0100: =102 
2021-02-22 14:34:41+0100: Controller: 103 play W pass
2021-02-22 14:34:41+0100: =103 
2021-02-22 14:34:41+0100: Controller: 104 play B S10
2021-02-22 14:34:41+0100: =104 
2021-02-22 14:34:41+0100: Controller: 105 play W pass
2021-02-22 14:34:41+0100: =105 
2021-02-22 14:34:41+0100: Controller: 106 kata-analyze 10
2021-02-22 14:34:41+0100: =106 
2021-02-22 14:34:41+0100: Controller: 107 play B T10
2021-02-22 14:34:41+0100: =107 
2021-02-22 14:34:41+0100: Controller: 108 play W pass
2021-02-22 14:34:41+0100: =108 
2021-02-22 14:34:41+0100: Controller: 109 play B A11
2021-02-22 14:34:41+0100: =109 
2021-02-22 14:34:41+0100: Controller: 110 play W pass
2021-02-22 14:34:41+0100: =110 
2021-02-22 14:34:41+0100: Controller: 111 play B S11
2021-02-22 14:34:41+0100: =111 
2021-02-22 14:34:41+0100: Controller: 112 play W pass
2021-02-22 14:34:41+0100: =112 
2021-02-22 14:34:41+0100: Controller: 113 play B T11
2021-02-22 14:34:41+0100: =113 
2021-02-22 14:34:41+0100: Controller: 114 play W pass
2021-02-22 14:34:41+0100: =114 
2021-02-22 14:34:41+0100: Controller: 115 play B A12
2021-02-22 14:34:41+0100: =115 
2021-02-22 14:34:41+0100: Controller: 116 play W pass
2021-02-22 14:34:41+0100: =116 
2021-02-22 14:34:41+0100: Controller: 117 play B S12
2021-02-22 14:34:41+0100: =117 
2021-02-22 14:34:41+0100: Controller: 118 play W pass
2021-02-22 14:34:41+0100: =118 
2021-02-22 14:34:41+0100: Controller: 119 play B T12
2021-02-22 14:34:41+0100: =119 
2021-02-22 14:34:41+0100: Controller: 120 play W pass
2021-02-22 14:34:41+0100: =120 
2021-02-22 14:34:41+0100: Controller: 121 play B A13
2021-02-22 14:34:41+0100: =121 
2021-02-22 14:34:41+0100: Controller: 122 play W pass
2021-02-22 14:34:41+0100: =122 
2021-02-22 14:34:41+0100: Controller: 123 play B S13
2021-02-22 14:34:41+0100: =123 
2021-02-22 14:34:41+0100: Controller: 124 play W pass
2021-02-22 14:34:41+0100: =124 
2021-02-22 14:34:41+0100: Controller: 125 play B T13
2021-02-22 14:34:41+0100: =125 
2021-02-22 14:34:41+0100: Controller: 126 play W pass
2021-02-22 14:34:41+0100: =126 
2021-02-22 14:34:41+0100: Controller: 127 play B A14
2021-02-22 14:34:41+0100: =127 
2021-02-22 14:34:41+0100: Controller: 128 kata-analyze 10
2021-02-22 14:34:41+0100: =128 
2021-02-22 14:34:41+0100: Controller: 129 play W B1
2021-02-22 14:34:41+0100: =129 
2021-02-22 14:34:41+0100: Controller: 130 play B S14
2021-02-22 14:34:41+0100: =130 
2021-02-22 14:34:41+0100: Controller: 131 play W H1
2021-02-22 14:34:41+0100: =131 
2021-02-22 14:34:41+0100: Controller: 132 play B T14
2021-02-22 14:34:41+0100: =132 
2021-02-22 14:34:41+0100: Controller: 133 play W A2
2021-02-22 14:34:41+0100: =133 
2021-02-22 14:34:41+0100: Controller: 134 play B A15
2021-02-22 14:34:41+0100: =134 
2021-02-22 14:34:41+0100: Controller: 135 play W B2
2021-02-22 14:34:41+0100: =135 
2021-02-22 14:34:41+0100: Controller: 136 play B S15
2021-02-22 14:34:41+0100: =136 
2021-02-22 14:34:41+0100: Controller: 137 play W H2
2021-02-22 14:34:41+0100: =137 
2021-02-22 14:34:41+0100: Controller: 138 play B T15
2021-02-22 14:34:41+0100: =138 
2021-02-22 14:34:41+0100: Controller: 139 play W B3
2021-02-22 14:34:41+0100: =139 
2021-02-22 14:34:41+0100: Controller: 140 play B A16
2021-02-22 14:34:41+0100: =140 
2021-02-22 14:34:41+0100: Controller: 141 play W C3
2021-02-22 14:34:41+0100: =141 
2021-02-22 14:34:41+0100: Controller: 142 play B S16
2021-02-22 14:34:41+0100: =142 
2021-02-22 14:34:41+0100: Controller: 143 play W D3
2021-02-22 14:34:41+0100: =143 
2021-02-22 14:34:41+0100: Controller: 144 play B T16
2021-02-22 14:34:41+0100: =144 
2021-02-22 14:34:41+0100: Controller: 145 play W E3
2021-02-22 14:34:41+0100: =145 
2021-02-22 14:34:41+0100: Controller: 146 play B A17
2021-02-22 14:34:41+0100: =146 
2021-02-22 14:34:41+0100: Controller: 147 play W F3
2021-02-22 14:34:41+0100: =147 
2021-02-22 14:34:41+0100: Controller: 148 play B B17
2021-02-22 14:34:41+0100: =148 
2021-02-22 14:34:41+0100: Controller: 149 play W G3
2021-02-22 14:34:41+0100: =149 
2021-02-22 14:34:41+0100: Controller: 150 play B C17
2021-02-22 14:34:41+0100: =150 
2021-02-22 14:34:41+0100: Controller: 151 play W H3
2021-02-22 14:34:41+0100: =151 
2021-02-22 14:34:41+0100: Controller: 152 play B D17
2021-02-22 14:34:41+0100: =152 
2021-02-22 14:34:41+0100: Controller: 153 play W J3
2021-02-22 14:34:41+0100: =153 
2021-02-22 14:34:41+0100: Controller: 154 play B E17
2021-02-22 14:34:41+0100: =154 
2021-02-22 14:34:41+0100: Controller: 155 play W K3
2021-02-22 14:34:41+0100: =155 
2021-02-22 14:34:41+0100: Controller: 156 play B F17
2021-02-22 14:34:41+0100: =156 
2021-02-22 14:34:41+0100: Controller: 157 play W L3
2021-02-22 14:34:41+0100: =157 
2021-02-22 14:34:41+0100: Controller: 158 play B G17
2021-02-22 14:34:41+0100: =158 
2021-02-22 14:34:41+0100: Controller: 159 play W M3
2021-02-22 14:34:41+0100: =159 
2021-02-22 14:34:41+0100: Controller: 160 play B H17
2021-02-22 14:34:41+0100: =160 
2021-02-22 14:34:41+0100: Controller: 161 play W N3
2021-02-22 14:34:41+0100: =161 
2021-02-22 14:34:41+0100: Controller: 162 play B J17
2021-02-22 14:34:41+0100: =162 
2021-02-22 14:34:41+0100: Controller: 163 play W O3
2021-02-22 14:34:41+0100: =163 
2021-02-22 14:34:41+0100: Controller: 164 play B L17
2021-02-22 14:34:41+0100: =164 
2021-02-22 14:34:41+0100: Controller: 165 play W P3
2021-02-22 14:34:41+0100: =165 
2021-02-22 14:34:41+0100: Controller: 166 play B M17
2021-02-22 14:34:41+0100: =166 
2021-02-22 14:34:41+0100: Controller: 167 play W Q3
2021-02-22 14:34:41+0100: =167 
2021-02-22 14:34:41+0100: Controller: 168 play B N17
2021-02-22 14:34:41+0100: =168 
2021-02-22 14:34:41+0100: Controller: 169 play W R3
2021-02-22 14:34:41+0100: =169 
2021-02-22 14:34:41+0100: Controller: 170 play B O17
2021-02-22 14:34:41+0100: =170 
2021-02-22 14:34:41+0100: Controller: 171 play W A4
2021-02-22 14:34:41+0100: =171 
2021-02-22 14:34:41+0100: Controller: 172 play B P17
2021-02-22 14:34:41+0100: =172 
2021-02-22 14:34:41+0100: Controller: 173 play W B4
2021-02-22 14:34:41+0100: =173 
2021-02-22 14:34:41+0100: Controller: 174 play B Q17
2021-02-22 14:34:41+0100: =174 
2021-02-22 14:34:41+0100: Controller: 175 play W R4
2021-02-22 14:34:41+0100: =175 
2021-02-22 14:34:41+0100: Controller: 176 play B R17
2021-02-22 14:34:41+0100: =176 
2021-02-22 14:34:41+0100: Controller: 177 play W B5
2021-02-22 14:34:41+0100: =177 
2021-02-22 14:34:41+0100: Controller: 178 play B S17
2021-02-22 14:34:41+0100: =178 
2021-02-22 14:34:41+0100: Controller: 179 play W R5
2021-02-22 14:34:41+0100: =179 
2021-02-22 14:34:41+0100: Controller: 180 play B T17
2021-02-22 14:34:41+0100: =180 
2021-02-22 14:34:41+0100: Controller: 181 play W B6
2021-02-22 14:34:41+0100: =181 
2021-02-22 14:34:41+0100: Controller: 182 play B B18
2021-02-22 14:34:41+0100: =182 
2021-02-22 14:34:41+0100: Controller: 183 play W R6
2021-02-22 14:34:41+0100: =183 
2021-02-22 14:34:41+0100: Controller: 184 play B C18
2021-02-22 14:34:41+0100: =184 
2021-02-22 14:34:41+0100: Controller: 185 play W B7
2021-02-22 14:34:41+0100: =185 
2021-02-22 14:34:41+0100: Controller: 186 play B D18
2021-02-22 14:34:41+0100: =186 
2021-02-22 14:34:41+0100: Controller: 187 play W R7
2021-02-22 14:34:41+0100: =187 
2021-02-22 14:34:41+0100: Controller: 188 play B E18
2021-02-22 14:34:41+0100: =188 
2021-02-22 14:34:41+0100: Controller: 189 play W B8
2021-02-22 14:34:41+0100: =189 
2021-02-22 14:34:41+0100: Controller: 190 play B F18
2021-02-22 14:34:41+0100: =190 
2021-02-22 14:34:41+0100: Controller: 191 play W R8
2021-02-22 14:34:41+0100: =191 
2021-02-22 14:34:41+0100: Controller: 192 play B G18
2021-02-22 14:34:41+0100: =192 
2021-02-22 14:34:41+0100: Controller: 193 play W B9
2021-02-22 14:34:41+0100: =193 
2021-02-22 14:34:41+0100: Controller: 194 play B H18
2021-02-22 14:34:41+0100: =194 
2021-02-22 14:34:41+0100: Controller: 195 play W R9
2021-02-22 14:34:41+0100: =195 
2021-02-22 14:34:41+0100: Controller: 196 play B J18
2021-02-22 14:34:41+0100: =196 
2021-02-22 14:34:41+0100: Controller: 197 kata-analyze 10
2021-02-22 14:34:41+0100: =197 
2021-02-22 14:34:41+0100: Controller: 198 play W B10
2021-02-22 14:34:41+0100: =198 
2021-02-22 14:34:41+0100: Controller: 199 play B K18
2021-02-22 14:34:41+0100: =199 
2021-02-22 14:34:41+0100: Controller: 200 play W R10
2021-02-22 14:34:41+0100: =200 
2021-02-22 14:34:41+0100: Controller: 201 play B L18
2021-02-22 14:34:41+0100: =201 
2021-02-22 14:34:41+0100: Controller: 202 play W B11
2021-02-22 14:34:41+0100: =202 
2021-02-22 14:34:41+0100: Controller: 203 play B M18
2021-02-22 14:34:41+0100: =203 
2021-02-22 14:34:41+0100: Controller: 204 play W R11
2021-02-22 14:34:41+0100: =204 
2021-02-22 14:34:41+0100: Controller: 205 play B N18
2021-02-22 14:34:41+0100: =205 
2021-02-22 14:34:41+0100: Controller: 206 play W B12
2021-02-22 14:34:41+0100: =206 
2021-02-22 14:34:41+0100: Controller: 207 play B O18
2021-02-22 14:34:41+0100: =207 
2021-02-22 14:34:41+0100: Controller: 208 play W R12
2021-02-22 14:34:41+0100: =208 
2021-02-22 14:34:41+0100: Controller: 209 play B P18
2021-02-22 14:34:41+0100: =209 
2021-02-22 14:34:41+0100: Controller: 210 play W B13
2021-02-22 14:34:41+0100: =210 
2021-02-22 14:34:41+0100: Controller: 211 play B Q18
2021-02-22 14:34:41+0100: =211 
2021-02-22 14:34:41+0100: Controller: 212 play W R13
2021-02-22 14:34:41+0100: =212 
2021-02-22 14:34:41+0100: Controller: 213 play B R18
2021-02-22 14:34:41+0100: =213 
2021-02-22 14:34:41+0100: Controller: 214 play W B14
2021-02-22 14:34:41+0100: =214 
2021-02-22 14:34:41+0100: Controller: 215 play B S18
2021-02-22 14:34:41+0100: =215 
2021-02-22 14:34:41+0100: Controller: 216 play W R14
2021-02-22 14:34:41+0100: =216 
2021-02-22 14:34:41+0100: Controller: 217 play B T18
2021-02-22 14:34:41+0100: =217 
2021-02-22 14:34:41+0100: Controller: 218 play W B15
2021-02-22 14:34:41+0100: =218 
2021-02-22 14:34:41+0100: Controller: 219 play B A19
2021-02-22 14:34:41+0100: =219 
2021-02-22 14:34:41+0100: Controller: 220 play W R15
2021-02-22 14:34:41+0100: =220 
2021-02-22 14:34:41+0100: Controller: 221 play B C19
2021-02-22 14:34:41+0100: =221 
2021-02-22 14:34:41+0100: Controller: 222 play W B16
2021-02-22 14:34:41+0100: =222 
2021-02-22 14:34:41+0100: Controller: 223 play B D19
2021-02-22 14:34:41+0100: =223 
2021-02-22 14:34:41+0100: Controller: 224 play W C16
2021-02-22 14:34:41+0100: =224 
2021-02-22 14:34:41+0100: Controller: 225 play B E19
2021-02-22 14:34:41+0100: =225 
2021-02-22 14:34:41+0100: Controller: 226 play W D16
2021-02-22 14:34:41+0100: =226 
2021-02-22 14:34:41+0100: Controller: 227 play B F19
2021-02-22 14:34:41+0100: =227 
2021-02-22 14:34:41+0100: Controller: 228 play W E16
2021-02-22 14:34:41+0100: =228 
2021-02-22 14:34:41+0100: Controller: 229 play B G19
2021-02-22 14:34:41+0100: =229 
2021-02-22 14:34:41+0100: Controller: 230 play W F16
2021-02-22 14:34:41+0100: =230 
2021-02-22 14:34:41+0100: Controller: 231 play B H19
2021-02-22 14:34:41+0100: =231 
2021-02-22 14:34:41+0100: Controller: 232 play W G16
2021-02-22 14:34:41+0100: =232 
2021-02-22 14:34:41+0100: Controller: 233 play B J19
2021-02-22 14:34:41+0100: =233 
2021-02-22 14:34:41+0100: Controller: 234 play W H16
2021-02-22 14:34:41+0100: =234 
2021-02-22 14:34:41+0100: Controller: 235 play B K19
2021-02-22 14:34:41+0100: =235 
2021-02-22 14:34:41+0100: Controller: 236 play W J16
2021-02-22 14:34:41+0100: =236 
2021-02-22 14:34:41+0100: Controller: 237 play B L19
2021-02-22 14:34:41+0100: =237 
2021-02-22 14:34:41+0100: Controller: 238 play W K16
2021-02-22 14:34:41+0100: =238 
2021-02-22 14:34:41+0100: Controller: 239 play B M19
2021-02-22 14:34:41+0100: =239 
2021-02-22 14:34:41+0100: Controller: 240 play W L16
2021-02-22 14:34:41+0100: =240 
2021-02-22 14:34:41+0100: Controller: 241 play B N19
2021-02-22 14:34:41+0100: =241 
2021-02-22 14:34:41+0100: Controller: 242 play W M16
2021-02-22 14:34:41+0100: =242 
2021-02-22 14:34:41+0100: Controller: 243 play B O19
2021-02-22 14:34:41+0100: =243 
2021-02-22 14:34:41+0100: Controller: 244 play W N16
2021-02-22 14:34:41+0100: =244 
2021-02-22 14:34:41+0100: Controller: 245 play B P19
2021-02-22 14:34:41+0100: =245 
2021-02-22 14:34:41+0100: Controller: 246 play W O16
2021-02-22 14:34:41+0100: =246 
2021-02-22 14:34:41+0100: Controller: 247 play B Q19
2021-02-22 14:34:41+0100: =247 
2021-02-22 14:34:41+0100: Controller: 248 play W P16
2021-02-22 14:34:41+0100: =248 
2021-02-22 14:34:41+0100: Controller: 249 play B R19
2021-02-22 14:34:41+0100: =249 
2021-02-22 14:34:41+0100: Controller: 250 play W Q16
2021-02-22 14:34:41+0100: =250 
2021-02-22 14:34:41+0100: Controller: 251 kata-analyze 10
2021-02-22 14:34:41+0100: =251 
2021-02-22 14:34:41+0100: Controller: 252 play B S19
2021-02-22 14:34:41+0100: =252 
2021-02-22 14:34:41+0100: Controller: 253 play W R16
2021-02-22 14:34:41+0100: =253 
2021-02-22 14:34:41+0100: Controller: 254 play B T19
2021-02-22 14:34:41+0100: =254 
2021-02-22 14:34:41+0100: Controller: 255 play W K17
2021-02-22 14:34:41+0100: =255 
2021-02-22 14:34:41+0100: Controller: 256 kata-analyze 10
2021-02-22 14:34:41+0100: =256 
2021-02-22 14:35:02+0100: Controller: 257 play B M10
2021-02-22 14:35:02+0100: =257 
2021-02-22 14:35:02+0100: Controller: 258 kata-analyze 10
2021-02-22 14:35:02+0100: =258 
2021-02-22 14:35:25+0100: Controller: 259 undo
2021-02-22 14:35:25+0100: =259 
2021-02-22 14:35:25+0100: Controller: 260 undo
2021-02-22 14:35:25+0100: =260 
2021-02-22 14:35:25+0100: Controller: 261 undo
2021-02-22 14:35:25+0100: =261 
2021-02-22 14:35:25+0100: Controller: 262 undo
2021-02-22 14:35:25+0100: =262 
2021-02-22 14:35:25+0100: Controller: 263 undo
2021-02-22 14:35:25+0100: =263 
2021-02-22 14:35:25+0100: Controller: 264 undo
2021-02-22 14:35:25+0100: =264 
2021-02-22 14:35:25+0100: Controller: 265 undo
2021-02-22 14:35:25+0100: =265 
2021-02-22 14:35:25+0100: Controller: 266 undo
2021-02-22 14:35:25+0100: =266 
2021-02-22 14:35:25+0100: Controller: 267 undo
2021-02-22 14:35:25+0100: =267 
2021-02-22 14:35:25+0100: Controller: 268 undo
2021-02-22 14:35:25+0100: =268 
2021-02-22 14:35:25+0100: Controller: 269 undo
2021-02-22 14:35:25+0100: =269 
2021-02-22 14:35:25+0100: Controller: 270 undo
2021-02-22 14:35:25+0100: =270 
2021-02-22 14:35:25+0100: Controller: 271 undo
2021-02-22 14:35:25+0100: =271 
2021-02-22 14:35:25+0100: Controller: 272 undo
2021-02-22 14:35:25+0100: =272 
2021-02-22 14:35:25+0100: Controller: 273 undo
2021-02-22 14:35:25+0100: =273 
2021-02-22 14:35:25+0100: Controller: 274 undo
2021-02-22 14:35:25+0100: =274 
2021-02-22 14:35:25+0100: Controller: 275 undo
2021-02-22 14:35:25+0100: =275 
2021-02-22 14:35:25+0100: Controller: 276 undo
2021-02-22 14:35:25+0100: =276 
2021-02-22 14:35:25+0100: Controller: 277 undo
2021-02-22 14:35:25+0100: =277 
2021-02-22 14:35:25+0100: Controller: 278 undo
2021-02-22 14:35:25+0100: =278 
2021-02-22 14:35:25+0100: Controller: 279 undo
2021-02-22 14:35:25+0100: =279 
2021-02-22 14:35:25+0100: Controller: 280 undo
2021-02-22 14:35:25+0100: =280 
2021-02-22 14:35:25+0100: Controller: 281 undo
2021-02-22 14:35:25+0100: =281 
2021-02-22 14:35:25+0100: Controller: 282 undo
2021-02-22 14:35:25+0100: =282 
2021-02-22 14:35:25+0100: Controller: 283 undo
2021-02-22 14:35:25+0100: =283 
2021-02-22 14:35:25+0100: Controller: 284 undo
2021-02-22 14:35:25+0100: =284 
2021-02-22 14:35:25+0100: Controller: 285 undo
2021-02-22 14:35:25+0100: =285 
2021-02-22 14:35:25+0100: Controller: 286 undo
2021-02-22 14:35:25+0100: =286 
2021-02-22 14:35:25+0100: Controller: 287 undo
2021-02-22 14:35:25+0100: =287 
2021-02-22 14:35:25+0100: Controller: 288 undo
2021-02-22 14:35:25+0100: =288 
2021-02-22 14:35:25+0100: Controller: 289 undo
2021-02-22 14:35:25+0100: =289 
2021-02-22 14:35:25+0100: Controller: 290 undo
2021-02-22 14:35:25+0100: =290 
2021-02-22 14:35:25+0100: Controller: 291 undo
2021-02-22 14:35:25+0100: =291 
2021-02-22 14:35:25+0100: Controller: 292 undo
2021-02-22 14:35:25+0100: =292 
2021-02-22 14:35:25+0100: Controller: 293 undo
2021-02-22 14:35:25+0100: =293 
2021-02-22 14:35:25+0100: Controller: 294 undo
2021-02-22 14:35:25+0100: =294 
2021-02-22 14:35:25+0100: Controller: 295 undo
2021-02-22 14:35:25+0100: =295 
2021-02-22 14:35:25+0100: Controller: 296 undo
2021-02-22 14:35:25+0100: =296 
2021-02-22 14:35:25+0100: Controller: 297 undo
2021-02-22 14:35:25+0100: =297 
2021-02-22 14:35:25+0100: Controller: 298 undo
2021-02-22 14:35:25+0100: =298 
2021-02-22 14:35:25+0100: Controller: 299 undo
2021-02-22 14:35:25+0100: =299 
2021-02-22 14:35:25+0100: Controller: 300 undo
2021-02-22 14:35:25+0100: =300 
2021-02-22 14:35:25+0100: Controller: 301 undo
2021-02-22 14:35:25+0100: =301 
2021-02-22 14:35:25+0100: Controller: 302 undo
2021-02-22 14:35:25+0100: =302 
2021-02-22 14:35:25+0100: Controller: 303 undo
2021-02-22 14:35:25+0100: =303 
2021-02-22 14:35:25+0100: Controller: 304 undo
2021-02-22 14:35:25+0100: =304 
2021-02-22 14:35:25+0100: Controller: 305 undo
2021-02-22 14:35:25+0100: =305 
2021-02-22 14:35:25+0100: Controller: 306 undo
2021-02-22 14:35:25+0100: =306 
2021-02-22 14:35:25+0100: Controller: 307 undo
2021-02-22 14:35:25+0100: =307 
2021-02-22 14:35:25+0100: Controller: 308 undo
2021-02-22 14:35:25+0100: =308 
2021-02-22 14:35:25+0100: Controller: 309 undo
2021-02-22 14:35:25+0100: =309 
2021-02-22 14:35:25+0100: Controller: 310 undo
2021-02-22 14:35:25+0100: =310 
2021-02-22 14:35:25+0100: Controller: 311 undo
2021-02-22 14:35:25+0100: =311 
2021-02-22 14:35:25+0100: Controller: 312 undo
2021-02-22 14:35:25+0100: =312 
2021-02-22 14:35:25+0100: Controller: 313 undo
2021-02-22 14:35:25+0100: =313 
2021-02-22 14:35:25+0100: Controller: 314 undo
2021-02-22 14:35:25+0100: =314 
2021-02-22 14:35:25+0100: Controller: 315 undo
2021-02-22 14:35:25+0100: =315 
2021-02-22 14:35:25+0100: Controller: 316 undo
2021-02-22 14:35:25+0100: =316 
2021-02-22 14:35:25+0100: Controller: 317 undo
2021-02-22 14:35:25+0100: =317 
2021-02-22 14:35:25+0100: Controller: 318 undo
2021-02-22 14:35:25+0100: =318 
2021-02-22 14:35:25+0100: Controller: 319 undo
2021-02-22 14:35:26+0100: =319 
2021-02-22 14:35:26+0100: Controller: 320 undo
2021-02-22 14:35:26+0100: =320 
2021-02-22 14:35:26+0100: Controller: 321 undo
2021-02-22 14:35:26+0100: =321 
2021-02-22 14:35:26+0100: Controller: 322 undo
2021-02-22 14:35:26+0100: =322 
2021-02-22 14:35:26+0100: Controller: 323 undo
2021-02-22 14:35:26+0100: =323 
2021-02-22 14:35:26+0100: Controller: 324 undo
2021-02-22 14:35:26+0100: =324 
2021-02-22 14:35:26+0100: Controller: 325 undo
2021-02-22 14:35:26+0100: =325 
2021-02-22 14:35:26+0100: Controller: 326 undo
2021-02-22 14:35:26+0100: =326 
2021-02-22 14:35:26+0100: Controller: 327 undo
2021-02-22 14:35:26+0100: =327 
2021-02-22 14:35:26+0100: Controller: 328 undo
2021-02-22 14:35:26+0100: =328 
2021-02-22 14:35:26+0100: Controller: 329 undo
2021-02-22 14:35:26+0100: =329 
2021-02-22 14:35:26+0100: Controller: 330 undo
2021-02-22 14:35:26+0100: =330 
2021-02-22 14:35:26+0100: Controller: 331 undo
2021-02-22 14:35:26+0100: =331 
2021-02-22 14:35:26+0100: Controller: 332 undo
2021-02-22 14:35:26+0100: =332 
2021-02-22 14:35:26+0100: Controller: 333 undo
2021-02-22 14:35:26+0100: =333 
2021-02-22 14:35:26+0100: Controller: 334 undo
2021-02-22 14:35:26+0100: =334 
2021-02-22 14:35:26+0100: Controller: 335 undo
2021-02-22 14:35:26+0100: =335 
2021-02-22 14:35:26+0100: Controller: 336 undo
2021-02-22 14:35:26+0100: =336 
2021-02-22 14:35:26+0100: Controller: 337 undo
2021-02-22 14:35:26+0100: =337 
2021-02-22 14:35:26+0100: Controller: 338 undo
2021-02-22 14:35:26+0100: =338 
2021-02-22 14:35:26+0100: Controller: 339 undo
2021-02-22 14:35:26+0100: =339 
2021-02-22 14:35:26+0100: Controller: 340 undo
2021-02-22 14:35:26+0100: =340 
2021-02-22 14:35:26+0100: Controller: 341 undo
2021-02-22 14:35:26+0100: =341 
2021-02-22 14:35:26+0100: Controller: 342 undo
2021-02-22 14:35:26+0100: =342 
2021-02-22 14:35:26+0100: Controller: 343 undo
2021-02-22 14:35:26+0100: =343 
2021-02-22 14:35:26+0100: Controller: 344 undo
2021-02-22 14:35:26+0100: =344 
2021-02-22 14:35:26+0100: Controller: 345 undo
2021-02-22 14:35:26+0100: =345 
2021-02-22 14:35:26+0100: Controller: 346 undo
2021-02-22 14:35:26+0100: =346 
2021-02-22 14:35:26+0100: Controller: 347 undo
2021-02-22 14:35:26+0100: =347 
2021-02-22 14:35:26+0100: Controller: 348 undo
2021-02-22 14:35:26+0100: =348 
2021-02-22 14:35:26+0100: Controller: 349 undo
2021-02-22 14:35:26+0100: =349 
2021-02-22 14:35:26+0100: Controller: 350 undo
2021-02-22 14:35:26+0100: =350 
2021-02-22 14:35:26+0100: Controller: 351 undo
2021-02-22 14:35:26+0100: =351 
2021-02-22 14:35:26+0100: Controller: 352 undo
2021-02-22 14:35:26+0100: =352 
2021-02-22 14:35:26+0100: Controller: 353 undo
2021-02-22 14:35:26+0100: =353 
2021-02-22 14:35:26+0100: Controller: 354 undo
2021-02-22 14:35:26+0100: =354 
2021-02-22 14:35:26+0100: Controller: 355 undo
2021-02-22 14:35:26+0100: =355 
2021-02-22 14:35:26+0100: Controller: 356 undo
2021-02-22 14:35:26+0100: =356 
2021-02-22 14:35:26+0100: Controller: 357 undo
2021-02-22 14:35:26+0100: =357 
2021-02-22 14:35:26+0100: Controller: 358 undo
2021-02-22 14:35:26+0100: =358 
2021-02-22 14:35:26+0100: Controller: 359 undo
2021-02-22 14:35:26+0100: =359 
2021-02-22 14:35:26+0100: Controller: 360 undo
2021-02-22 14:35:26+0100: =360 
2021-02-22 14:35:26+0100: Controller: 361 undo
2021-02-22 14:35:26+0100: =361 
2021-02-22 14:35:26+0100: Controller: 362 undo
2021-02-22 14:35:26+0100: =362 
2021-02-22 14:35:26+0100: Controller: 363 undo
2021-02-22 14:35:26+0100: =363 
2021-02-22 14:35:26+0100: Controller: 364 undo
2021-02-22 14:35:26+0100: =364 
2021-02-22 14:35:26+0100: Controller: 365 undo
2021-02-22 14:35:26+0100: =365 
2021-02-22 14:35:26+0100: Controller: 366 undo
2021-02-22 14:35:26+0100: =366 
2021-02-22 14:35:26+0100: Controller: 367 undo
2021-02-22 14:35:26+0100: =367 
2021-02-22 14:35:26+0100: Controller: 368 undo
2021-02-22 14:35:26+0100: =368 
2021-02-22 14:35:26+0100: Controller: 369 undo
2021-02-22 14:35:26+0100: =369 
2021-02-22 14:35:26+0100: Controller: 370 undo
2021-02-22 14:35:26+0100: =370 
2021-02-22 14:35:26+0100: Controller: 371 undo
2021-02-22 14:35:26+0100: =371 
2021-02-22 14:35:26+0100: Controller: 372 undo
2021-02-22 14:35:26+0100: =372 
2021-02-22 14:35:26+0100: Controller: 373 undo
2021-02-22 14:35:26+0100: =373 
2021-02-22 14:35:26+0100: Controller: 374 undo
2021-02-22 14:35:26+0100: =374 
2021-02-22 14:35:26+0100: Controller: 375 undo
2021-02-22 14:35:26+0100: =375 
2021-02-22 14:35:26+0100: Controller: 376 undo
2021-02-22 14:35:26+0100: =376 
2021-02-22 14:35:26+0100: Controller: 377 undo
2021-02-22 14:35:26+0100: =377 
2021-02-22 14:35:26+0100: Controller: 378 undo
2021-02-22 14:35:26+0100: =378 
2021-02-22 14:35:26+0100: Controller: 379 undo
2021-02-22 14:35:26+0100: =379 
2021-02-22 14:35:26+0100: Controller: 380 undo
2021-02-22 14:35:26+0100: =380 
2021-02-22 14:35:26+0100: Controller: 381 undo
2021-02-22 14:35:26+0100: =381 
2021-02-22 14:35:26+0100: Controller: 382 undo
2021-02-22 14:35:26+0100: =382 
2021-02-22 14:35:26+0100: Controller: 383 undo
2021-02-22 14:35:26+0100: =383 
2021-02-22 14:35:26+0100: Controller: 384 undo
2021-02-22 14:35:26+0100: =384 
2021-02-22 14:35:26+0100: Controller: 385 undo
2021-02-22 14:35:26+0100: =385 
2021-02-22 14:35:26+0100: Controller: 386 undo
2021-02-22 14:35:26+0100: =386 
2021-02-22 14:35:26+0100: Controller: 387 undo
2021-02-22 14:35:26+0100: =387 
2021-02-22 14:35:26+0100: Controller: 388 undo
2021-02-22 14:35:26+0100: =388 
2021-02-22 14:35:26+0100: Controller: 389 undo
2021-02-22 14:35:26+0100: =389 
2021-02-22 14:35:26+0100: Controller: 390 undo
2021-02-22 14:35:26+0100: =390 
2021-02-22 14:35:26+0100: Controller: 391 undo
2021-02-22 14:35:26+0100: =391 
2021-02-22 14:35:26+0100: Controller: 392 undo
2021-02-22 14:35:26+0100: =392 
2021-02-22 14:35:26+0100: Controller: 393 undo
2021-02-22 14:35:26+0100: =393 
2021-02-22 14:35:26+0100: Controller: 394 undo
2021-02-22 14:35:26+0100: =394 
2021-02-22 14:35:26+0100: Controller: 395 undo
2021-02-22 14:35:26+0100: =395 
2021-02-22 14:35:26+0100: Controller: 396 undo
2021-02-22 14:35:26+0100: =396 
2021-02-22 14:35:26+0100: Controller: 397 undo
2021-02-22 14:35:26+0100: =397 
2021-02-22 14:35:26+0100: Controller: 398 undo
2021-02-22 14:35:26+0100: =398 
2021-02-22 14:35:26+0100: Controller: 399 undo
2021-02-22 14:35:26+0100: =399 
2021-02-22 14:35:26+0100: Controller: 400 undo
2021-02-22 14:35:26+0100: =400 
2021-02-22 14:35:26+0100: Controller: 401 undo
2021-02-22 14:35:26+0100: =401 
2021-02-22 14:35:26+0100: Controller: 402 undo
2021-02-22 14:35:26+0100: =402 
2021-02-22 14:35:26+0100: Controller: 403 undo
2021-02-22 14:35:26+0100: =403 
2021-02-22 14:35:26+0100: Controller: 404 undo
2021-02-22 14:35:26+0100: =404 
2021-02-22 14:35:26+0100: Controller: 405 undo
2021-02-22 14:35:26+0100: =405 
2021-02-22 14:35:26+0100: Controller: 406 undo
2021-02-22 14:35:26+0100: =406 
2021-02-22 14:35:26+0100: Controller: 407 undo
2021-02-22 14:35:26+0100: =407 
2021-02-22 14:35:26+0100: Controller: 408 undo
2021-02-22 14:35:26+0100: =408 
2021-02-22 14:35:26+0100: Controller: 409 undo
2021-02-22 14:35:26+0100: =409 
2021-02-22 14:35:26+0100: Controller: 410 undo
2021-02-22 14:35:26+0100: =410 
2021-02-22 14:35:26+0100: Controller: 411 undo
2021-02-22 14:35:26+0100: =411 
2021-02-22 14:35:26+0100: Controller: 412 undo
2021-02-22 14:35:26+0100: =412 
2021-02-22 14:35:26+0100: Controller: 413 undo
2021-02-22 14:35:26+0100: =413 
2021-02-22 14:35:26+0100: Controller: 414 undo
2021-02-22 14:35:26+0100: =414 
2021-02-22 14:35:26+0100: Controller: 415 undo
2021-02-22 14:35:26+0100: =415 
2021-02-22 14:35:26+0100: Controller: 416 undo
2021-02-22 14:35:26+0100: =416 
2021-02-22 14:35:26+0100: Controller: 417 undo
2021-02-22 14:35:26+0100: =417 
2021-02-22 14:35:26+0100: Controller: 418 undo
2021-02-22 14:35:26+0100: =418 
2021-02-22 14:35:26+0100: Controller: 419 undo
2021-02-22 14:35:26+0100: =419 
2021-02-22 14:35:26+0100: Controller: 420 undo
2021-02-22 14:35:26+0100: =420 
2021-02-22 14:35:26+0100: Controller: 421 undo
2021-02-22 14:35:26+0100: =421 
2021-02-22 14:35:26+0100: Controller: 422 undo
2021-02-22 14:35:26+0100: =422 
2021-02-22 14:35:26+0100: Controller: 423 undo
2021-02-22 14:35:26+0100: =423 
2021-02-22 14:35:26+0100: Controller: 424 undo
2021-02-22 14:35:26+0100: =424 
2021-02-22 14:35:26+0100: Controller: 425 undo
2021-02-22 14:35:26+0100: =425 
2021-02-22 14:35:26+0100: Controller: 426 undo
2021-02-22 14:35:26+0100: =426 
2021-02-22 14:35:26+0100: Controller: 427 undo
2021-02-22 14:35:26+0100: =427 
2021-02-22 14:35:26+0100: Controller: 428 undo
2021-02-22 14:35:26+0100: =428 
2021-02-22 14:35:26+0100: Controller: 429 undo
2021-02-22 14:35:26+0100: =429 
2021-02-22 14:35:26+0100: Controller: 430 undo
2021-02-22 14:35:26+0100: =430 
2021-02-22 14:35:26+0100: Controller: 431 undo
2021-02-22 14:35:26+0100: =431 
2021-02-22 14:35:26+0100: Controller: 432 undo
2021-02-22 14:35:26+0100: =432 
2021-02-22 14:35:26+0100: Controller: 433 undo
2021-02-22 14:35:26+0100: =433 
2021-02-22 14:35:26+0100: Controller: 434 undo
2021-02-22 14:35:26+0100: =434 
2021-02-22 14:35:26+0100: Controller: 435 undo
2021-02-22 14:35:26+0100: =435 
2021-02-22 14:35:26+0100: Controller: 436 undo
2021-02-22 14:35:26+0100: =436 
2021-02-22 14:35:26+0100: Controller: 437 undo
2021-02-22 14:35:26+0100: =437 
2021-02-22 14:35:26+0100: Controller: 438 undo
2021-02-22 14:35:26+0100: =438 
2021-02-22 14:35:26+0100: Controller: 439 undo
2021-02-22 14:35:26+0100: =439 
2021-02-22 14:35:26+0100: Controller: 440 undo
2021-02-22 14:35:26+0100: =440 
2021-02-22 14:35:26+0100: Controller: 441 undo
2021-02-22 14:35:26+0100: =441 
2021-02-22 14:35:26+0100: Controller: 442 undo
2021-02-22 14:35:26+0100: =442 
2021-02-22 14:35:26+0100: Controller: 443 undo
2021-02-22 14:35:26+0100: =443 
2021-02-22 14:35:26+0100: Controller: 444 undo
2021-02-22 14:35:26+0100: =444 
2021-02-22 14:35:26+0100: Controller: 445 undo
2021-02-22 14:35:26+0100: =445 
2021-02-22 14:35:26+0100: Controller: 446 undo
2021-02-22 14:35:26+0100: =446 
2021-02-22 14:35:26+0100: Controller: 447 undo
2021-02-22 14:35:26+0100: =447 
2021-02-22 14:35:26+0100: Controller: 448 undo
2021-02-22 14:35:26+0100: =448 
2021-02-22 14:35:26+0100: Controller: 449 undo
2021-02-22 14:35:26+0100: =449 
2021-02-22 14:35:26+0100: Controller: 450 undo
2021-02-22 14:35:26+0100: =450 
2021-02-22 14:35:26+0100: Controller: 451 undo
2021-02-22 14:35:26+0100: =451 
2021-02-22 14:35:26+0100: Controller: 452 undo
2021-02-22 14:35:26+0100: =452 
2021-02-22 14:35:26+0100: Controller: 453 undo
2021-02-22 14:35:26+0100: =453 
2021-02-22 14:35:26+0100: Controller: 454 undo
2021-02-22 14:35:26+0100: =454 
2021-02-22 14:35:26+0100: Controller: 455 undo
2021-02-22 14:35:26+0100: =455 
2021-02-22 14:35:26+0100: Controller: 456 undo
2021-02-22 14:35:26+0100: =456 
2021-02-22 14:35:26+0100: Controller: 457 undo
2021-02-22 14:35:26+0100: =457 
2021-02-22 14:35:26+0100: Controller: 458 undo
2021-02-22 14:35:26+0100: =458 
2021-02-22 14:35:26+0100: Controller: 459 undo
2021-02-22 14:35:26+0100: =459 
2021-02-22 14:35:26+0100: Controller: 460 undo
2021-02-22 14:35:26+0100: =460 
2021-02-22 14:35:26+0100: Controller: 461 undo
2021-02-22 14:35:26+0100: =461 
2021-02-22 14:35:26+0100: Controller: 462 undo
2021-02-22 14:35:26+0100: =462 
2021-02-22 14:35:26+0100: Controller: 463 undo
2021-02-22 14:35:26+0100: =463 
2021-02-22 14:35:26+0100: Controller: 464 undo
2021-02-22 14:35:26+0100: =464 
2021-02-22 14:35:26+0100: Controller: 465 undo
2021-02-22 14:35:26+0100: =465 
2021-02-22 14:35:26+0100: Controller: 466 undo
2021-02-22 14:35:26+0100: =466 
2021-02-22 14:35:26+0100: Controller: 467 undo
2021-02-22 14:35:26+0100: =467 
2021-02-22 14:35:26+0100: Controller: 468 undo
2021-02-22 14:35:26+0100: =468 
2021-02-22 14:35:26+0100: Controller: 469 undo
2021-02-22 14:35:26+0100: =469 
2021-02-22 14:35:26+0100: Controller: 470 undo
2021-02-22 14:35:26+0100: =470 
2021-02-22 14:35:26+0100: Controller: 471 undo
2021-02-22 14:35:26+0100: =471 
2021-02-22 14:35:26+0100: Controller: 472 undo
2021-02-22 14:35:26+0100: =472 
2021-02-22 14:35:26+0100: Controller: 473 undo
2021-02-22 14:35:26+0100: =473 
2021-02-22 14:35:26+0100: Controller: 474 undo
2021-02-22 14:35:26+0100: =474 
2021-02-22 14:35:26+0100: Controller: 475 undo
2021-02-22 14:35:26+0100: =475 
2021-02-22 14:35:26+0100: Controller: 476 undo
2021-02-22 14:35:26+0100: =476 
2021-02-22 14:35:26+0100: Controller: 477 undo
2021-02-22 14:35:26+0100: =477 
2021-02-22 14:35:26+0100: Controller: 478 undo
2021-02-22 14:35:26+0100: =478 
2021-02-22 14:35:26+0100: Controller: 479 undo
2021-02-22 14:35:26+0100: =479 
2021-02-22 14:35:26+0100: Controller: 480 undo
2021-02-22 14:35:26+0100: =480 
2021-02-22 14:35:26+0100: Controller: 481 undo
2021-02-22 14:35:26+0100: =481 
2021-02-22 14:35:26+0100: Controller: 482 undo
2021-02-22 14:35:26+0100: =482 
2021-02-22 14:35:26+0100: Controller: 483 undo
2021-02-22 14:35:26+0100: =483 
2021-02-22 14:35:26+0100: Controller: 484 undo
2021-02-22 14:35:26+0100: =484 
2021-02-22 14:35:26+0100: Controller: 485 undo
2021-02-22 14:35:26+0100: =485 
2021-02-22 14:35:26+0100: Controller: 486 undo
2021-02-22 14:35:26+0100: =486 
2021-02-22 14:35:26+0100: Controller: 487 undo
2021-02-22 14:35:26+0100: =487 
2021-02-22 14:35:26+0100: Controller: 488 undo
2021-02-22 14:35:26+0100: =488 
2021-02-22 14:35:26+0100: Controller: 489 undo
2021-02-22 14:35:26+0100: =489 
2021-02-22 14:35:26+0100: Controller: 490 undo
2021-02-22 14:35:26+0100: =490 
2021-02-22 14:35:26+0100: Controller: 491 undo
2021-02-22 14:35:26+0100: =491 
2021-02-22 14:35:26+0100: Controller: 492 undo
2021-02-22 14:35:26+0100: =492 
2021-02-22 14:35:26+0100: Controller: 493 undo
2021-02-22 14:35:26+0100: =493 
2021-02-22 14:35:26+0100: Controller: 494 undo
2021-02-22 14:35:26+0100: =494 
2021-02-22 14:35:26+0100: Controller: 495 undo
2021-02-22 14:35:26+0100: =495 
2021-02-22 14:35:26+0100: Controller: 496 undo
2021-02-22 14:35:26+0100: =496 
2021-02-22 14:35:26+0100: Controller: 497 undo
2021-02-22 14:35:26+0100: =497 
2021-02-22 14:35:26+0100: Controller: 498 undo
2021-02-22 14:35:26+0100: =498 
2021-02-22 14:35:26+0100: Controller: 499 undo
2021-02-22 14:35:26+0100: =499 
2021-02-22 14:35:26+0100: Controller: 500 undo
2021-02-22 14:35:26+0100: =500 
2021-02-22 14:35:26+0100: Controller: 501 undo
2021-02-22 14:35:26+0100: =501 
2021-02-22 14:35:26+0100: Controller: 502 undo
2021-02-22 14:35:26+0100: =502 
2021-02-22 14:35:26+0100: Controller: 503 undo
2021-02-22 14:35:26+0100: =503 
2021-02-22 14:35:26+0100: Controller: 504 undo
2021-02-22 14:35:26+0100: =504 
2021-02-22 14:35:26+0100: Controller: 505 undo
2021-02-22 14:35:26+0100: =505 
2021-02-22 14:35:26+0100: Controller: 506 play B B1
2021-02-22 14:35:26+0100: =506 
2021-02-22 14:35:26+0100: Controller: 507 play W pass
2021-02-22 14:35:26+0100: =507 
2021-02-22 14:35:26+0100: Controller: 508 play B L1
2021-02-22 14:35:26+0100: =508 
2021-02-22 14:35:26+0100: Controller: 509 play W pass
2021-02-22 14:35:26+0100: =509 
2021-02-22 14:35:26+0100: Controller: 510 play B A2
2021-02-22 14:35:26+0100: =510 
2021-02-22 14:35:26+0100: Controller: 511 play W pass
2021-02-22 14:35:26+0100: =511 
2021-02-22 14:35:26+0100: Controller: 512 play B B2
2021-02-22 14:35:26+0100: =512 
2021-02-22 14:35:26+0100: Controller: 513 play W pass
2021-02-22 14:35:26+0100: =513 
2021-02-22 14:35:26+0100: Controller: 514 play B L2
2021-02-22 14:35:26+0100: =514 
2021-02-22 14:35:26+0100: Controller: 515 play W pass
2021-02-22 14:35:26+0100: =515 
2021-02-22 14:35:26+0100: Controller: 516 play B B3
2021-02-22 14:35:26+0100: =516 
2021-02-22 14:35:26+0100: Controller: 517 play W pass
2021-02-22 14:35:26+0100: =517 
2021-02-22 14:35:26+0100: Controller: 518 play B C3
2021-02-22 14:35:26+0100: =518 
2021-02-22 14:35:26+0100: Controller: 519 play W pass
2021-02-22 14:35:26+0100: =519 
2021-02-22 14:35:26+0100: Controller: 520 play B D3
2021-02-22 14:35:26+0100: =520 
2021-02-22 14:35:26+0100: Controller: 521 play W pass
2021-02-22 14:35:26+0100: =521 
2021-02-22 14:35:26+0100: Controller: 522 play B E3
2021-02-22 14:35:26+0100: =522 
2021-02-22 14:35:26+0100: Controller: 523 play W pass
2021-02-22 14:35:26+0100: =523 
2021-02-22 14:35:26+0100: Controller: 524 play B F3
2021-02-22 14:35:26+0100: =524 
2021-02-22 14:35:26+0100: Controller: 525 play W pass
2021-02-22 14:35:26+0100: =525 
2021-02-22 14:35:26+0100: Controller: 526 play B G3
2021-02-22 14:35:26+0100: =526 
2021-02-22 14:35:26+0100: Controller: 527 play W pass
2021-02-22 14:35:26+0100: =527 
2021-02-22 14:35:26+0100: Controller: 528 play B H3
2021-02-22 14:35:26+0100: =528 
2021-02-22 14:35:26+0100: Controller: 529 play W pass
2021-02-22 14:35:26+0100: =529 
2021-02-22 14:35:26+0100: Controller: 530 play B J3
2021-02-22 14:35:26+0100: =530 
2021-02-22 14:35:26+0100: Controller: 531 play W pass
2021-02-22 14:35:26+0100: =531 
2021-02-22 14:35:26+0100: Controller: 532 play B K3
2021-02-22 14:35:26+0100: =532 
2021-02-22 14:35:26+0100: Controller: 533 play W pass
2021-02-22 14:35:26+0100: =533 
2021-02-22 14:35:26+0100: Controller: 534 play B L3
2021-02-22 14:35:26+0100: =534 
2021-02-22 14:35:26+0100: Controller: 535 play W pass
2021-02-22 14:35:26+0100: =535 
2021-02-22 14:35:26+0100: Controller: 536 play B M3
2021-02-22 14:35:26+0100: =536 
2021-02-22 14:35:26+0100: Controller: 537 play W pass
2021-02-22 14:35:26+0100: =537 
2021-02-22 14:35:26+0100: Controller: 538 play B N3
2021-02-22 14:35:26+0100: =538 
2021-02-22 14:35:26+0100: Controller: 539 play W pass
2021-02-22 14:35:26+0100: =539 
2021-02-22 14:35:26+0100: Controller: 540 play B O3
2021-02-22 14:35:26+0100: =540 
2021-02-22 14:35:26+0100: Controller: 541 play W pass
2021-02-22 14:35:26+0100: =541 
2021-02-22 14:35:26+0100: Controller: 542 play B P3
2021-02-22 14:35:26+0100: =542 
2021-02-22 14:35:26+0100: Controller: 543 play W pass
2021-02-22 14:35:26+0100: =543 
2021-02-22 14:35:26+0100: Controller: 544 play B Q3
2021-02-22 14:35:26+0100: =544 
2021-02-22 14:35:26+0100: Controller: 545 play W pass
2021-02-22 14:35:26+0100: =545 
2021-02-22 14:35:26+0100: Controller: 546 play B R3
2021-02-22 14:35:26+0100: =546 
2021-02-22 14:35:26+0100: Controller: 547 play W pass
2021-02-22 14:35:26+0100: =547 
2021-02-22 14:35:26+0100: Controller: 548 play B A4
2021-02-22 14:35:26+0100: =548 
2021-02-22 14:35:26+0100: Controller: 549 play W pass
2021-02-22 14:35:26+0100: =549 
2021-02-22 14:35:26+0100: Controller: 550 play B B4
2021-02-22 14:35:26+0100: =550 
2021-02-22 14:35:26+0100: Controller: 551 play W pass
2021-02-22 14:35:26+0100: =551 
2021-02-22 14:35:26+0100: Controller: 552 play B R4
2021-02-22 14:35:26+0100: =552 
2021-02-22 14:35:26+0100: Controller: 553 play W pass
2021-02-22 14:35:26+0100: =553 
2021-02-22 14:35:26+0100: Controller: 554 play B B5
2021-02-22 14:35:26+0100: =554 
2021-02-22 14:35:26+0100: Controller: 555 play W pass
2021-02-22 14:35:26+0100: =555 
2021-02-22 14:35:26+0100: Controller: 556 play B R5
2021-02-22 14:35:26+0100: =556 
2021-02-22 14:35:26+0100: Controller: 557 play W pass
2021-02-22 14:35:26+0100: =557 
2021-02-22 14:35:26+0100: Controller: 558 play B B6
2021-02-22 14:35:26+0100: =558 
2021-02-22 14:35:26+0100: Controller: 559 play W pass
2021-02-22 14:35:26+0100: =559 
2021-02-22 14:35:26+0100: Controller: 560 play B R6
2021-02-22 14:35:26+0100: =560 
2021-02-22 14:35:26+0100: Controller: 561 play W pass
2021-02-22 14:35:26+0100: =561 
2021-02-22 14:35:26+0100: Controller: 562 play B B7
2021-02-22 14:35:26+0100: =562 
2021-02-22 14:35:26+0100: Controller: 563 play W pass
2021-02-22 14:35:26+0100: =563 
2021-02-22 14:35:26+0100: Controller: 564 play B R7
2021-02-22 14:35:26+0100: =564 
2021-02-22 14:35:26+0100: Controller: 565 play W pass
2021-02-22 14:35:26+0100: =565 
2021-02-22 14:35:26+0100: Controller: 566 play B B8
2021-02-22 14:35:26+0100: =566 
2021-02-22 14:35:26+0100: Controller: 567 play W pass
2021-02-22 14:35:26+0100: =567 
2021-02-22 14:35:26+0100: Controller: 568 play B R8
2021-02-22 14:35:26+0100: =568 
2021-02-22 14:35:26+0100: Controller: 569 play W pass
2021-02-22 14:35:26+0100: =569 
2021-02-22 14:35:26+0100: Controller: 570 play B B9
2021-02-22 14:35:26+0100: =570 
2021-02-22 14:35:26+0100: Controller: 571 play W C1
2021-02-22 14:35:26+0100: =571 
2021-02-22 14:35:26+0100: Controller: 572 play B R9
2021-02-22 14:35:26+0100: =572 
2021-02-22 14:35:26+0100: Controller: 573 play W E1
2021-02-22 14:35:26+0100: =573 
2021-02-22 14:35:26+0100: Controller: 574 play B B10
2021-02-22 14:35:26+0100: =574 
2021-02-22 14:35:26+0100: Controller: 575 play W F1
2021-02-22 14:35:26+0100: =575 
2021-02-22 14:35:26+0100: Controller: 576 play B M10
2021-02-22 14:35:26+0100: =576 
2021-02-22 14:35:26+0100: Controller: 577 play W H1
2021-02-22 14:35:26+0100: =577 
2021-02-22 14:35:26+0100: Controller: 578 play B R10
2021-02-22 14:35:26+0100: =578 
2021-02-22 14:35:26+0100: Controller: 579 play W K1
2021-02-22 14:35:26+0100: =579 
2021-02-22 14:35:26+0100: Controller: 580 play B B11
2021-02-22 14:35:26+0100: =580 
2021-02-22 14:35:26+0100: Controller: 581 play W M1
2021-02-22 14:35:26+0100: =581 
2021-02-22 14:35:26+0100: Controller: 582 play B R11
2021-02-22 14:35:26+0100: =582 
2021-02-22 14:35:26+0100: Controller: 583 play W O1
2021-02-22 14:35:26+0100: =583 
2021-02-22 14:35:26+0100: Controller: 584 play B B12
2021-02-22 14:35:26+0100: =584 
2021-02-22 14:35:26+0100: Controller: 585 play W Q1
2021-02-22 14:35:26+0100: =585 
2021-02-22 14:35:26+0100: Controller: 586 play B R12
2021-02-22 14:35:26+0100: =586 
2021-02-22 14:35:26+0100: Controller: 587 play W R1
2021-02-22 14:35:26+0100: =587 
2021-02-22 14:35:26+0100: Controller: 588 play B B13
2021-02-22 14:35:26+0100: =588 
2021-02-22 14:35:26+0100: Controller: 589 play W T1
2021-02-22 14:35:26+0100: =589 
2021-02-22 14:35:26+0100: Controller: 590 play B R13
2021-02-22 14:35:26+0100: =590 
2021-02-22 14:35:26+0100: Controller: 591 play W C2
2021-02-22 14:35:26+0100: =591 
2021-02-22 14:35:26+0100: Controller: 592 play B S13
2021-02-22 14:35:26+0100: =592 
2021-02-22 14:35:26+0100: Controller: 593 play W D2
2021-02-22 14:35:26+0100: =593 
2021-02-22 14:35:26+0100: Controller: 594 play B T13
2021-02-22 14:35:26+0100: =594 
2021-02-22 14:35:26+0100: Controller: 595 play W E2
2021-02-22 14:35:26+0100: =595 
2021-02-22 14:35:26+0100: Controller: 596 play B B14
2021-02-22 14:35:26+0100: =596 
2021-02-22 14:35:26+0100: Controller: 597 play W F2
2021-02-22 14:35:26+0100: =597 
2021-02-22 14:35:26+0100: Controller: 598 play B R14
2021-02-22 14:35:26+0100: =598 
2021-02-22 14:35:26+0100: Controller: 599 play W G2
2021-02-22 14:35:26+0100: =599 
2021-02-22 14:35:26+0100: Controller: 600 play B B15
2021-02-22 14:35:26+0100: =600 
2021-02-22 14:35:26+0100: Controller: 601 play W H2
2021-02-22 14:35:26+0100: =601 
2021-02-22 14:35:26+0100: Controller: 602 play B R15
2021-02-22 14:35:26+0100: =602 
2021-02-22 14:35:26+0100: Controller: 603 play W J2
2021-02-22 14:35:26+0100: =603 
2021-02-22 14:35:26+0100: Controller: 604 play B B16
2021-02-22 14:35:26+0100: =604 
2021-02-22 14:35:26+0100: Controller: 605 play W K2
2021-02-22 14:35:26+0100: =605 
2021-02-22 14:35:26+0100: Controller: 606 play B C16
2021-02-22 14:35:26+0100: =606 
2021-02-22 14:35:26+0100: Controller: 607 play W M2
2021-02-22 14:35:26+0100: =607 
2021-02-22 14:35:26+0100: Controller: 608 play B D16
2021-02-22 14:35:26+0100: =608 
2021-02-22 14:35:26+0100: Controller: 609 play W N2
2021-02-22 14:35:26+0100: =609 
2021-02-22 14:35:26+0100: Controller: 610 play B E16
2021-02-22 14:35:26+0100: =610 
2021-02-22 14:35:26+0100: Controller: 611 play W O2
2021-02-22 14:35:26+0100: =611 
2021-02-22 14:35:26+0100: Controller: 612 play B F16
2021-02-22 14:35:26+0100: =612 
2021-02-22 14:35:26+0100: Controller: 613 play W P2
2021-02-22 14:35:26+0100: =613 
2021-02-22 14:35:26+0100: Controller: 614 play B G16
2021-02-22 14:35:26+0100: =614 
2021-02-22 14:35:26+0100: Controller: 615 play W Q2
2021-02-22 14:35:26+0100: =615 
2021-02-22 14:35:26+0100: Controller: 616 play B H16
2021-02-22 14:35:26+0100: =616 
2021-02-22 14:35:26+0100: Controller: 617 play W R2
2021-02-22 14:35:26+0100: =617 
2021-02-22 14:35:26+0100: Controller: 618 play B J16
2021-02-22 14:35:26+0100: =618 
2021-02-22 14:35:26+0100: Controller: 619 play W S2
2021-02-22 14:35:26+0100: =619 
2021-02-22 14:35:26+0100: Controller: 620 play B K16
2021-02-22 14:35:26+0100: =620 
2021-02-22 14:35:26+0100: Controller: 621 play W S3
2021-02-22 14:35:26+0100: =621 
2021-02-22 14:35:26+0100: Controller: 622 play B L16
2021-02-22 14:35:26+0100: =622 
2021-02-22 14:35:26+0100: Controller: 623 play W T3
2021-02-22 14:35:26+0100: =623 
2021-02-22 14:35:26+0100: Controller: 624 play B M16
2021-02-22 14:35:26+0100: =624 
2021-02-22 14:35:26+0100: Controller: 625 play W S4
2021-02-22 14:35:26+0100: =625 
2021-02-22 14:35:26+0100: Controller: 626 play B N16
2021-02-22 14:35:26+0100: =626 
2021-02-22 14:35:26+0100: Controller: 627 play W T4
2021-02-22 14:35:26+0100: =627 
2021-02-22 14:35:26+0100: Controller: 628 play B O16
2021-02-22 14:35:26+0100: =628 
2021-02-22 14:35:26+0100: Controller: 629 play W A5
2021-02-22 14:35:26+0100: =629 
2021-02-22 14:35:26+0100: Controller: 630 play B P16
2021-02-22 14:35:26+0100: =630 
2021-02-22 14:35:26+0100: Controller: 631 play W S5
2021-02-22 14:35:26+0100: =631 
2021-02-22 14:35:26+0100: Controller: 632 play B Q16
2021-02-22 14:35:26+0100: =632 
2021-02-22 14:35:26+0100: Controller: 633 play W T5
2021-02-22 14:35:26+0100: =633 
2021-02-22 14:35:26+0100: Controller: 634 play B R16
2021-02-22 14:35:26+0100: =634 
2021-02-22 14:35:26+0100: Controller: 635 play W A6
2021-02-22 14:35:26+0100: =635 
2021-02-22 14:35:26+0100: Controller: 636 play B L17
2021-02-22 14:35:26+0100: =636 
2021-02-22 14:35:26+0100: Controller: 637 play W S6
2021-02-22 14:35:26+0100: =637 
2021-02-22 14:35:26+0100: Controller: 638 play B M17
2021-02-22 14:35:26+0100: =638 
2021-02-22 14:35:26+0100: Controller: 639 play W T6
2021-02-22 14:35:26+0100: =639 
2021-02-22 14:35:26+0100: Controller: 640 play B N17
2021-02-22 14:35:26+0100: =640 
2021-02-22 14:35:26+0100: Controller: 641 play W A7
2021-02-22 14:35:26+0100: =641 
2021-02-22 14:35:26+0100: Controller: 642 play B O17
2021-02-22 14:35:26+0100: =642 
2021-02-22 14:35:26+0100: Controller: 643 play W S7
2021-02-22 14:35:26+0100: =643 
2021-02-22 14:35:26+0100: Controller: 644 play B P17
2021-02-22 14:35:26+0100: =644 
2021-02-22 14:35:26+0100: Controller: 645 play W T7
2021-02-22 14:35:26+0100: =645 
2021-02-22 14:35:26+0100: Controller: 646 play B Q17
2021-02-22 14:35:26+0100: =646 
2021-02-22 14:35:26+0100: Controller: 647 play W A8
2021-02-22 14:35:26+0100: =647 
2021-02-22 14:35:26+0100: Controller: 648 play B R17
2021-02-22 14:35:26+0100: =648 
2021-02-22 14:35:26+0100: Controller: 649 play W S8
2021-02-22 14:35:26+0100: =649 
2021-02-22 14:35:26+0100: Controller: 650 play B T17
2021-02-22 14:35:26+0100: =650 
2021-02-22 14:35:26+0100: Controller: 651 play W T8
2021-02-22 14:35:26+0100: =651 
2021-02-22 14:35:26+0100: Controller: 652 play B A18
2021-02-22 14:35:26+0100: =652 
2021-02-22 14:35:26+0100: Controller: 653 play W A9
2021-02-22 14:35:26+0100: =653 
2021-02-22 14:35:26+0100: Controller: 654 play B B18
2021-02-22 14:35:26+0100: =654 
2021-02-22 14:35:26+0100: Controller: 655 play W S9
2021-02-22 14:35:26+0100: =655 
2021-02-22 14:35:26+0100: Controller: 656 play B C18
2021-02-22 14:35:26+0100: =656 
2021-02-22 14:35:26+0100: Controller: 657 play W T9
2021-02-22 14:35:26+0100: =657 
2021-02-22 14:35:26+0100: Controller: 658 play B D18
2021-02-22 14:35:26+0100: =658 
2021-02-22 14:35:26+0100: Controller: 659 play W A10
2021-02-22 14:35:26+0100: =659 
2021-02-22 14:35:26+0100: Controller: 660 play B E18
2021-02-22 14:35:26+0100: =660 
2021-02-22 14:35:26+0100: Controller: 661 play W S10
2021-02-22 14:35:26+0100: =661 
2021-02-22 14:35:26+0100: Controller: 662 play B F18
2021-02-22 14:35:26+0100: =662 
2021-02-22 14:35:26+0100: Controller: 663 play W T10
2021-02-22 14:35:26+0100: =663 
2021-02-22 14:35:26+0100: Controller: 664 play B G18
2021-02-22 14:35:26+0100: =664 
2021-02-22 14:35:26+0100: Controller: 665 play W A11
2021-02-22 14:35:26+0100: =665 
2021-02-22 14:35:26+0100: Controller: 666 play B H18
2021-02-22 14:35:26+0100: =666 
2021-02-22 14:35:26+0100: Controller: 667 play W S11
2021-02-22 14:35:26+0100: =667 
2021-02-22 14:35:26+0100: Controller: 668 play B J18
2021-02-22 14:35:26+0100: =668 
2021-02-22 14:35:26+0100: Controller: 669 play W T11
2021-02-22 14:35:26+0100: =669 
2021-02-22 14:35:26+0100: Controller: 670 play B K18
2021-02-22 14:35:26+0100: =670 
2021-02-22 14:35:26+0100: Controller: 671 play W A12
2021-02-22 14:35:26+0100: =671 
2021-02-22 14:35:26+0100: Controller: 672 play B L18
2021-02-22 14:35:26+0100: =672 
2021-02-22 14:35:26+0100: Controller: 673 play W S12
2021-02-22 14:35:26+0100: =673 
2021-02-22 14:35:26+0100: Controller: 674 play B M18
2021-02-22 14:35:26+0100: =674 
2021-02-22 14:35:26+0100: Controller: 675 play W T12
2021-02-22 14:35:26+0100: =675 
2021-02-22 14:35:26+0100: Controller: 676 play B N18
2021-02-22 14:35:26+0100: =676 
2021-02-22 14:35:26+0100: Controller: 677 play W A13
2021-02-22 14:35:26+0100: =677 
2021-02-22 14:35:26+0100: Controller: 678 play B O18
2021-02-22 14:35:26+0100: =678 
2021-02-22 14:35:26+0100: Controller: 679 play W A14
2021-02-22 14:35:26+0100: =679 
2021-02-22 14:35:26+0100: Controller: 680 play B P18
2021-02-22 14:35:26+0100: =680 
2021-02-22 14:35:26+0100: Controller: 681 play W S14
2021-02-22 14:35:26+0100: =681 
2021-02-22 14:35:26+0100: Controller: 682 play B Q18
2021-02-22 14:35:26+0100: =682 
2021-02-22 14:35:26+0100: Controller: 683 play W T14
2021-02-22 14:35:26+0100: =683 
2021-02-22 14:35:26+0100: Controller: 684 play B R18
2021-02-22 14:35:26+0100: =684 
2021-02-22 14:35:26+0100: Controller: 685 play W A15
2021-02-22 14:35:26+0100: =685 
2021-02-22 14:35:26+0100: Controller: 686 play B B19
2021-02-22 14:35:26+0100: =686 
2021-02-22 14:35:26+0100: Controller: 687 play W S15
2021-02-22 14:35:26+0100: =687 
2021-02-22 14:35:26+0100: Controller: 688 play B D19
2021-02-22 14:35:26+0100: =688 
2021-02-22 14:35:26+0100: Controller: 689 play W A16
2021-02-22 14:35:26+0100: =689 
2021-02-22 14:35:26+0100: Controller: 690 play B E19
2021-02-22 14:35:26+0100: =690 
2021-02-22 14:35:26+0100: Controller: 691 play W S16
2021-02-22 14:35:26+0100: =691 
2021-02-22 14:35:26+0100: Controller: 692 play B F19
2021-02-22 14:35:26+0100: =692 
2021-02-22 14:35:26+0100: Controller: 693 play W T16
2021-02-22 14:35:26+0100: =693 
2021-02-22 14:35:26+0100: Controller: 694 play B G19
2021-02-22 14:35:26+0100: =694 
2021-02-22 14:35:26+0100: Controller: 695 play W A17
2021-02-22 14:35:26+0100: =695 
2021-02-22 14:35:26+0100: Controller: 696 play B H19
2021-02-22 14:35:26+0100: =696 
2021-02-22 14:35:26+0100: Controller: 697 play W B17
2021-02-22 14:35:26+0100: =697 
2021-02-22 14:35:26+0100: Controller: 698 play B J19
2021-02-22 14:35:26+0100: =698 
2021-02-22 14:35:26+0100: Controller: 699 play W C17
2021-02-22 14:35:26+0100: =699 
2021-02-22 14:35:26+0100: Controller: 700 play B K19
2021-02-22 14:35:26+0100: =700 
2021-02-22 14:35:26+0100: Controller: 701 play W D17
2021-02-22 14:35:26+0100: =701 
2021-02-22 14:35:26+0100: Controller: 702 play B L19
2021-02-22 14:35:26+0100: =702 
2021-02-22 14:35:26+0100: Controller: 703 play W E17
2021-02-22 14:35:26+0100: =703 
2021-02-22 14:35:26+0100: Controller: 704 play B M19
2021-02-22 14:35:26+0100: =704 
2021-02-22 14:35:26+0100: Controller: 705 play W F17
2021-02-22 14:35:26+0100: =705 
2021-02-22 14:35:26+0100: Controller: 706 play B N19
2021-02-22 14:35:26+0100: =706 
2021-02-22 14:35:26+0100: Controller: 707 play W G17
2021-02-22 14:35:26+0100: =707 
2021-02-22 14:35:26+0100: Controller: 708 play B O19
2021-02-22 14:35:26+0100: =708 
2021-02-22 14:35:26+0100: Controller: 709 play W H17
2021-02-22 14:35:26+0100: =709 
2021-02-22 14:35:26+0100: Controller: 710 play B P19
2021-02-22 14:35:26+0100: =710 
2021-02-22 14:35:26+0100: Controller: 711 play W J17
2021-02-22 14:35:26+0100: =711 
2021-02-22 14:35:26+0100: Controller: 712 play B Q19
2021-02-22 14:35:26+0100: =712 
2021-02-22 14:35:26+0100: Controller: 713 play B R19
2021-02-22 14:35:26+0100: =713 
2021-02-22 14:35:26+0100: Controller: 714 play W S17
2021-02-22 14:35:26+0100: =714 
2021-02-22 14:35:26+0100: Controller: 715 play B S19
2021-02-22 14:35:26+0100: =715 
2021-02-22 14:35:26+0100: Controller: 716 play W S18
2021-02-22 14:35:26+0100: =716 
2021-02-22 14:35:26+0100: Controller: 717 play B T19
2021-02-22 14:35:26+0100: =717 
2021-02-22 14:35:26+0100: Controller: 718 play W T18
2021-02-22 14:35:26+0100: =718 
2021-02-22 14:35:26+0100: Controller: 719 kata-analyze 10
2021-02-22 14:35:26+0100: =719 
2021-02-22 14:35:44+0100: Controller: 720 clear_board
2021-02-22 14:35:44+0100: =720 
2021-02-22 14:37:30+0100: All cleaned up, quitting
